2023-08-01T00:04:01+00:00 CRITICAL Uncaught TypeError: call_user_func_array(): Argument #1 ($callback) must be a valid callback, function "techup_footer_site_info" not found or invalid function name in /var/www/html/wp-includes/class-wp-hook.php:308
Stack trace:
#0 /var/www/html/wp-includes/class-wp-hook.php(332): WP_Hook->apply_filters(NULL, Array)
#1 /var/www/html/wp-includes/plugin.php(517): WP_Hook->do_action(Array)
#2 /var/www/html/wp-content/themes/techup/footer.php(32): do_action('techup_footer')
#3 /var/www/html/wp-includes/template.php(783): require_once('/var/www/html/w...')
#4 /var/www/html/wp-includes/template.php(718): load_template('/var/www/html/w...', true, Array)
#5 /var/www/html/wp-includes/general-template.php(92): locate_template(Array, true, true, Array)
#6 /var/www/html/wp-content/themes/techup/full-width.php(42): get_footer()
#7 /var/www/html/wp-includes/template-loader.php(106): include('/var/www/html/w...')
#8 /var/www/html/wp-blog-header.php(19): require_once('/var/www/html/w...')
#9 /var/www/html/index.php(17): require('/var/www/html/w...')
#10 {main}
  thrown in /var/www/html/wp-includes/class-wp-hook.php on line 308

2023-08-01T00:07:37+00:00 CRITICAL Uncaught TypeError: call_user_func_array(): Argument #1 ($callback) must be a valid callback, function "techup_footer_site_info" not found or invalid function name in /var/www/html/wp-includes/class-wp-hook.php:308
Stack trace:
#0 /var/www/html/wp-includes/class-wp-hook.php(332): WP_Hook->apply_filters(NULL, Array)
#1 /var/www/html/wp-includes/plugin.php(517): WP_Hook->do_action(Array)
#2 /var/www/html/wp-content/themes/techup/footer.php(32): do_action('techup_footer')
#3 /var/www/html/wp-includes/template.php(783): require_once('/var/www/html/w...')
#4 /var/www/html/wp-includes/template.php(718): load_template('/var/www/html/w...', true, Array)
#5 /var/www/html/wp-includes/general-template.php(92): locate_template(Array, true, true, Array)
#6 /var/www/html/wp-content/themes/techup/full-width.php(42): get_footer()
#7 /var/www/html/wp-includes/template-loader.php(106): include('/var/www/html/w...')
#8 /var/www/html/wp-blog-header.php(19): require_once('/var/www/html/w...')
#9 /var/www/html/index.php(17): require('/var/www/html/w...')
#10 {main}
  thrown in /var/www/html/wp-includes/class-wp-hook.php on line 308

2023-08-01T00:14:18+00:00 CRITICAL Uncaught TypeError: call_user_func_array(): Argument #1 ($callback) must be a valid callback, function "techup_footer_site_info" not found or invalid function name in /var/www/html/wp-includes/class-wp-hook.php:308
Stack trace:
#0 /var/www/html/wp-includes/class-wp-hook.php(332): WP_Hook->apply_filters(NULL, Array)
#1 /var/www/html/wp-includes/plugin.php(517): WP_Hook->do_action(Array)
#2 /var/www/html/wp-content/themes/techup/footer.php(32): do_action('techup_footer')
#3 /var/www/html/wp-includes/template.php(783): require_once('/var/www/html/w...')
#4 /var/www/html/wp-includes/template.php(718): load_template('/var/www/html/w...', true, Array)
#5 /var/www/html/wp-includes/general-template.php(92): locate_template(Array, true, true, Array)
#6 /var/www/html/wp-content/themes/techup/full-width.php(42): get_footer()
#7 /var/www/html/wp-includes/template-loader.php(106): include('/var/www/html/w...')
#8 /var/www/html/wp-blog-header.php(19): require_once('/var/www/html/w...')
#9 /var/www/html/index.php(17): require('/var/www/html/w...')
#10 {main}
  thrown in /var/www/html/wp-includes/class-wp-hook.php on line 308

2023-08-01T00:16:57+00:00 CRITICAL Uncaught TypeError: call_user_func_array(): Argument #1 ($callback) must be a valid callback, function "techup_footer_site_info" not found or invalid function name in /var/www/html/wp-includes/class-wp-hook.php:308
Stack trace:
#0 /var/www/html/wp-includes/class-wp-hook.php(332): WP_Hook->apply_filters(NULL, Array)
#1 /var/www/html/wp-includes/plugin.php(517): WP_Hook->do_action(Array)
#2 /var/www/html/wp-content/themes/techup/footer.php(32): do_action('techup_footer')
#3 /var/www/html/wp-includes/template.php(783): require_once('/var/www/html/w...')
#4 /var/www/html/wp-includes/template.php(718): load_template('/var/www/html/w...', true, Array)
#5 /var/www/html/wp-includes/general-template.php(92): locate_template(Array, true, true, Array)
#6 /var/www/html/wp-content/themes/techup/full-width.php(42): get_footer()
#7 /var/www/html/wp-includes/template-loader.php(106): include('/var/www/html/w...')
#8 /var/www/html/wp-blog-header.php(19): require_once('/var/www/html/w...')
#9 /var/www/html/index.php(17): require('/var/www/html/w...')
#10 {main}
  thrown in /var/www/html/wp-includes/class-wp-hook.php on line 308

2023-08-01T00:17:11+00:00 CRITICAL Uncaught TypeError: call_user_func_array(): Argument #1 ($callback) must be a valid callback, function "techup_footer_site_info" not found or invalid function name in /var/www/html/wp-includes/class-wp-hook.php:308
Stack trace:
#0 /var/www/html/wp-includes/class-wp-hook.php(332): WP_Hook->apply_filters(NULL, Array)
#1 /var/www/html/wp-includes/plugin.php(517): WP_Hook->do_action(Array)
#2 /var/www/html/wp-content/themes/techup/footer.php(32): do_action('techup_footer')
#3 /var/www/html/wp-includes/template.php(783): require_once('/var/www/html/w...')
#4 /var/www/html/wp-includes/template.php(718): load_template('/var/www/html/w...', true, Array)
#5 /var/www/html/wp-includes/general-template.php(92): locate_template(Array, true, true, Array)
#6 /var/www/html/wp-content/themes/techup/full-width.php(42): get_footer()
#7 /var/www/html/wp-includes/template-loader.php(106): include('/var/www/html/w...')
#8 /var/www/html/wp-blog-header.php(19): require_once('/var/www/html/w...')
#9 /var/www/html/index.php(17): require('/var/www/html/w...')
#10 {main}
  thrown in /var/www/html/wp-includes/class-wp-hook.php on line 308

2023-08-01T00:21:12+00:00 CRITICAL Uncaught TypeError: call_user_func_array(): Argument #1 ($callback) must be a valid callback, function "techup_footer_site_info" not found or invalid function name in /var/www/html/wp-includes/class-wp-hook.php:308
Stack trace:
#0 /var/www/html/wp-includes/class-wp-hook.php(332): WP_Hook->apply_filters(NULL, Array)
#1 /var/www/html/wp-includes/plugin.php(517): WP_Hook->do_action(Array)
#2 /var/www/html/wp-content/themes/techup/footer.php(32): do_action('techup_footer')
#3 /var/www/html/wp-includes/template.php(783): require_once('/var/www/html/w...')
#4 /var/www/html/wp-includes/template.php(718): load_template('/var/www/html/w...', true, Array)
#5 /var/www/html/wp-includes/general-template.php(92): locate_template(Array, true, true, Array)
#6 /var/www/html/wp-content/themes/techup/full-width.php(42): get_footer()
#7 /var/www/html/wp-includes/template-loader.php(106): include('/var/www/html/w...')
#8 /var/www/html/wp-blog-header.php(19): require_once('/var/www/html/w...')
#9 /var/www/html/index.php(17): require('/var/www/html/w...')
#10 {main}
  thrown in /var/www/html/wp-includes/class-wp-hook.php on line 308

2023-08-01T00:41:59+00:00 CRITICAL Uncaught TypeError: call_user_func_array(): Argument #1 ($callback) must be a valid callback, function "techup_footer_site_info" not found or invalid function name in /var/www/html/wp-includes/class-wp-hook.php:308
Stack trace:
#0 /var/www/html/wp-includes/class-wp-hook.php(332): WP_Hook->apply_filters(NULL, Array)
#1 /var/www/html/wp-includes/plugin.php(517): WP_Hook->do_action(Array)
#2 /var/www/html/wp-content/themes/techup/footer.php(32): do_action('techup_footer')
#3 /var/www/html/wp-includes/template.php(783): require_once('/var/www/html/w...')
#4 /var/www/html/wp-includes/template.php(718): load_template('/var/www/html/w...', true, Array)
#5 /var/www/html/wp-includes/general-template.php(92): locate_template(Array, true, true, Array)
#6 /var/www/html/wp-content/themes/techup/full-width.php(42): get_footer()
#7 /var/www/html/wp-includes/template-loader.php(106): include('/var/www/html/w...')
#8 /var/www/html/wp-blog-header.php(19): require_once('/var/www/html/w...')
#9 /var/www/html/index.php(17): require('/var/www/html/w...')
#10 {main}
  thrown in /var/www/html/wp-includes/class-wp-hook.php on line 308

2023-08-01T00:43:41+00:00 CRITICAL Uncaught TypeError: call_user_func_array(): Argument #1 ($callback) must be a valid callback, function "techup_footer_site_info" not found or invalid function name in /var/www/html/wp-includes/class-wp-hook.php:308
Stack trace:
#0 /var/www/html/wp-includes/class-wp-hook.php(332): WP_Hook->apply_filters(NULL, Array)
#1 /var/www/html/wp-includes/plugin.php(517): WP_Hook->do_action(Array)
#2 /var/www/html/wp-content/themes/techup/footer.php(32): do_action('techup_footer')
#3 /var/www/html/wp-includes/template.php(783): require_once('/var/www/html/w...')
#4 /var/www/html/wp-includes/template.php(718): load_template('/var/www/html/w...', true, Array)
#5 /var/www/html/wp-includes/general-template.php(92): locate_template(Array, true, true, Array)
#6 /var/www/html/wp-content/themes/techup/full-width.php(42): get_footer()
#7 /var/www/html/wp-includes/template-loader.php(106): include('/var/www/html/w...')
#8 /var/www/html/wp-blog-header.php(19): require_once('/var/www/html/w...')
#9 /var/www/html/index.php(17): require('/var/www/html/w...')
#10 {main}
  thrown in /var/www/html/wp-includes/class-wp-hook.php on line 308

2023-08-01T00:47:07+00:00 CRITICAL Uncaught TypeError: call_user_func_array(): Argument #1 ($callback) must be a valid callback, function "techup_footer_site_info" not found or invalid function name in /var/www/html/wp-includes/class-wp-hook.php:308
Stack trace:
#0 /var/www/html/wp-includes/class-wp-hook.php(332): WP_Hook->apply_filters(NULL, Array)
#1 /var/www/html/wp-includes/plugin.php(517): WP_Hook->do_action(Array)
#2 /var/www/html/wp-content/themes/techup/footer.php(32): do_action('techup_footer')
#3 /var/www/html/wp-includes/template.php(783): require_once('/var/www/html/w...')
#4 /var/www/html/wp-includes/template.php(718): load_template('/var/www/html/w...', true, Array)
#5 /var/www/html/wp-includes/general-template.php(92): locate_template(Array, true, true, Array)
#6 /var/www/html/wp-content/themes/techup/full-width.php(42): get_footer()
#7 /var/www/html/wp-includes/template-loader.php(106): include('/var/www/html/w...')
#8 /var/www/html/wp-blog-header.php(19): require_once('/var/www/html/w...')
#9 /var/www/html/index.php(17): require('/var/www/html/w...')
#10 {main}
  thrown in /var/www/html/wp-includes/class-wp-hook.php on line 308

2023-08-01T00:47:33+00:00 CRITICAL Uncaught TypeError: call_user_func_array(): Argument #1 ($callback) must be a valid callback, function "techup_footer_site_info" not found or invalid function name in /var/www/html/wp-includes/class-wp-hook.php:308
Stack trace:
#0 /var/www/html/wp-includes/class-wp-hook.php(332): WP_Hook->apply_filters(NULL, Array)
#1 /var/www/html/wp-includes/plugin.php(517): WP_Hook->do_action(Array)
#2 /var/www/html/wp-content/themes/techup/footer.php(32): do_action('techup_footer')
#3 /var/www/html/wp-includes/template.php(783): require_once('/var/www/html/w...')
#4 /var/www/html/wp-includes/template.php(718): load_template('/var/www/html/w...', true, Array)
#5 /var/www/html/wp-includes/general-template.php(92): locate_template(Array, true, true, Array)
#6 /var/www/html/wp-content/themes/techup/full-width.php(42): get_footer()
#7 /var/www/html/wp-includes/template-loader.php(106): include('/var/www/html/w...')
#8 /var/www/html/wp-blog-header.php(19): require_once('/var/www/html/w...')
#9 /var/www/html/index.php(17): require('/var/www/html/w...')
#10 {main}
  thrown in /var/www/html/wp-includes/class-wp-hook.php on line 308

2023-08-01T00:48:48+00:00 CRITICAL Uncaught TypeError: call_user_func_array(): Argument #1 ($callback) must be a valid callback, function "techup_footer_site_info" not found or invalid function name in /var/www/html/wp-includes/class-wp-hook.php:308
Stack trace:
#0 /var/www/html/wp-includes/class-wp-hook.php(332): WP_Hook->apply_filters(NULL, Array)
#1 /var/www/html/wp-includes/plugin.php(517): WP_Hook->do_action(Array)
#2 /var/www/html/wp-content/themes/techup/footer.php(32): do_action('techup_footer')
#3 /var/www/html/wp-includes/template.php(783): require_once('/var/www/html/w...')
#4 /var/www/html/wp-includes/template.php(718): load_template('/var/www/html/w...', true, Array)
#5 /var/www/html/wp-includes/general-template.php(92): locate_template(Array, true, true, Array)
#6 /var/www/html/wp-content/themes/techup/full-width.php(42): get_footer()
#7 /var/www/html/wp-includes/template-loader.php(106): include('/var/www/html/w...')
#8 /var/www/html/wp-blog-header.php(19): require_once('/var/www/html/w...')
#9 /var/www/html/index.php(17): require('/var/www/html/w...')
#10 {main}
  thrown in /var/www/html/wp-includes/class-wp-hook.php on line 308

2023-08-01T00:51:24+00:00 CRITICAL Uncaught TypeError: call_user_func_array(): Argument #1 ($callback) must be a valid callback, function "techup_footer_site_info" not found or invalid function name in /var/www/html/wp-includes/class-wp-hook.php:308
Stack trace:
#0 /var/www/html/wp-includes/class-wp-hook.php(332): WP_Hook->apply_filters(NULL, Array)
#1 /var/www/html/wp-includes/plugin.php(517): WP_Hook->do_action(Array)
#2 /var/www/html/wp-content/themes/techup/footer.php(32): do_action('techup_footer')
#3 /var/www/html/wp-includes/template.php(783): require_once('/var/www/html/w...')
#4 /var/www/html/wp-includes/template.php(718): load_template('/var/www/html/w...', true, Array)
#5 /var/www/html/wp-includes/general-template.php(92): locate_template(Array, true, true, Array)
#6 /var/www/html/wp-content/themes/techup/full-width.php(42): get_footer()
#7 /var/www/html/wp-includes/template-loader.php(106): include('/var/www/html/w...')
#8 /var/www/html/wp-blog-header.php(19): require_once('/var/www/html/w...')
#9 /var/www/html/index.php(17): require('/var/www/html/w...')
#10 {main}
  thrown in /var/www/html/wp-includes/class-wp-hook.php on line 308

2023-08-01T00:54:20+00:00 CRITICAL Uncaught TypeError: call_user_func_array(): Argument #1 ($callback) must be a valid callback, function "techup_footer_site_info" not found or invalid function name in /var/www/html/wp-includes/class-wp-hook.php:308
Stack trace:
#0 /var/www/html/wp-includes/class-wp-hook.php(332): WP_Hook->apply_filters(NULL, Array)
#1 /var/www/html/wp-includes/plugin.php(517): WP_Hook->do_action(Array)
#2 /var/www/html/wp-content/themes/techup/footer.php(32): do_action('techup_footer')
#3 /var/www/html/wp-includes/template.php(783): require_once('/var/www/html/w...')
#4 /var/www/html/wp-includes/template.php(718): load_template('/var/www/html/w...', true, Array)
#5 /var/www/html/wp-includes/general-template.php(92): locate_template(Array, true, true, Array)
#6 /var/www/html/wp-content/themes/techup/full-width.php(42): get_footer()
#7 /var/www/html/wp-includes/template-loader.php(106): include('/var/www/html/w...')
#8 /var/www/html/wp-blog-header.php(19): require_once('/var/www/html/w...')
#9 /var/www/html/index.php(17): require('/var/www/html/w...')
#10 {main}
  thrown in /var/www/html/wp-includes/class-wp-hook.php on line 308

2023-08-01T00:55:59+00:00 CRITICAL Uncaught TypeError: call_user_func_array(): Argument #1 ($callback) must be a valid callback, function "techup_footer_site_info" not found or invalid function name in /var/www/html/wp-includes/class-wp-hook.php:308
Stack trace:
#0 /var/www/html/wp-includes/class-wp-hook.php(332): WP_Hook->apply_filters(NULL, Array)
#1 /var/www/html/wp-includes/plugin.php(517): WP_Hook->do_action(Array)
#2 /var/www/html/wp-content/themes/techup/footer.php(32): do_action('techup_footer')
#3 /var/www/html/wp-includes/template.php(783): require_once('/var/www/html/w...')
#4 /var/www/html/wp-includes/template.php(718): load_template('/var/www/html/w...', true, Array)
#5 /var/www/html/wp-includes/general-template.php(92): locate_template(Array, true, true, Array)
#6 /var/www/html/wp-content/themes/techup/full-width.php(42): get_footer()
#7 /var/www/html/wp-includes/template-loader.php(106): include('/var/www/html/w...')
#8 /var/www/html/wp-blog-header.php(19): require_once('/var/www/html/w...')
#9 /var/www/html/index.php(17): require('/var/www/html/w...')
#10 {main}
  thrown in /var/www/html/wp-includes/class-wp-hook.php on line 308

2023-08-01T01:09:27+00:00 CRITICAL Uncaught TypeError: call_user_func_array(): Argument #1 ($callback) must be a valid callback, function "techup_footer_site_info" not found or invalid function name in /var/www/html/wp-includes/class-wp-hook.php:308
Stack trace:
#0 /var/www/html/wp-includes/class-wp-hook.php(332): WP_Hook->apply_filters(NULL, Array)
#1 /var/www/html/wp-includes/plugin.php(517): WP_Hook->do_action(Array)
#2 /var/www/html/wp-content/themes/techup/footer.php(32): do_action('techup_footer')
#3 /var/www/html/wp-includes/template.php(783): require_once('/var/www/html/w...')
#4 /var/www/html/wp-includes/template.php(718): load_template('/var/www/html/w...', true, Array)
#5 /var/www/html/wp-includes/general-template.php(92): locate_template(Array, true, true, Array)
#6 /var/www/html/wp-content/themes/techup/full-width.php(42): get_footer()
#7 /var/www/html/wp-includes/template-loader.php(106): include('/var/www/html/w...')
#8 /var/www/html/wp-blog-header.php(19): require_once('/var/www/html/w...')
#9 /var/www/html/index.php(17): require('/var/www/html/w...')
#10 {main}
  thrown in /var/www/html/wp-includes/class-wp-hook.php on line 308

2023-08-01T01:10:43+00:00 CRITICAL Uncaught TypeError: call_user_func_array(): Argument #1 ($callback) must be a valid callback, function "techup_footer_site_info" not found or invalid function name in /var/www/html/wp-includes/class-wp-hook.php:308
Stack trace:
#0 /var/www/html/wp-includes/class-wp-hook.php(332): WP_Hook->apply_filters(NULL, Array)
#1 /var/www/html/wp-includes/plugin.php(517): WP_Hook->do_action(Array)
#2 /var/www/html/wp-content/themes/techup/footer.php(32): do_action('techup_footer')
#3 /var/www/html/wp-includes/template.php(783): require_once('/var/www/html/w...')
#4 /var/www/html/wp-includes/template.php(718): load_template('/var/www/html/w...', true, Array)
#5 /var/www/html/wp-includes/general-template.php(92): locate_template(Array, true, true, Array)
#6 /var/www/html/wp-content/themes/techup/full-width.php(42): get_footer()
#7 /var/www/html/wp-includes/template-loader.php(106): include('/var/www/html/w...')
#8 /var/www/html/wp-blog-header.php(19): require_once('/var/www/html/w...')
#9 /var/www/html/index.php(17): require('/var/www/html/w...')
#10 {main}
  thrown in /var/www/html/wp-includes/class-wp-hook.php on line 308

2023-08-01T01:12:30+00:00 CRITICAL Uncaught TypeError: call_user_func_array(): Argument #1 ($callback) must be a valid callback, function "techup_footer_site_info" not found or invalid function name in /var/www/html/wp-includes/class-wp-hook.php:308
Stack trace:
#0 /var/www/html/wp-includes/class-wp-hook.php(332): WP_Hook->apply_filters(NULL, Array)
#1 /var/www/html/wp-includes/plugin.php(517): WP_Hook->do_action(Array)
#2 /var/www/html/wp-content/themes/techup/footer.php(32): do_action('techup_footer')
#3 /var/www/html/wp-includes/template.php(783): require_once('/var/www/html/w...')
#4 /var/www/html/wp-includes/template.php(718): load_template('/var/www/html/w...', true, Array)
#5 /var/www/html/wp-includes/general-template.php(92): locate_template(Array, true, true, Array)
#6 /var/www/html/wp-content/themes/techup/full-width.php(42): get_footer()
#7 /var/www/html/wp-includes/template-loader.php(106): include('/var/www/html/w...')
#8 /var/www/html/wp-blog-header.php(19): require_once('/var/www/html/w...')
#9 /var/www/html/index.php(17): require('/var/www/html/w...')
#10 {main}
  thrown in /var/www/html/wp-includes/class-wp-hook.php on line 308

2023-08-01T01:13:54+00:00 CRITICAL Uncaught TypeError: call_user_func_array(): Argument #1 ($callback) must be a valid callback, function "techup_footer_site_info" not found or invalid function name in /var/www/html/wp-includes/class-wp-hook.php:308
Stack trace:
#0 /var/www/html/wp-includes/class-wp-hook.php(332): WP_Hook->apply_filters(NULL, Array)
#1 /var/www/html/wp-includes/plugin.php(517): WP_Hook->do_action(Array)
#2 /var/www/html/wp-content/themes/techup/footer.php(32): do_action('techup_footer')
#3 /var/www/html/wp-includes/template.php(783): require_once('/var/www/html/w...')
#4 /var/www/html/wp-includes/template.php(718): load_template('/var/www/html/w...', true, Array)
#5 /var/www/html/wp-includes/general-template.php(92): locate_template(Array, true, true, Array)
#6 /var/www/html/wp-content/themes/techup/full-width.php(42): get_footer()
#7 /var/www/html/wp-includes/template-loader.php(106): include('/var/www/html/w...')
#8 /var/www/html/wp-blog-header.php(19): require_once('/var/www/html/w...')
#9 /var/www/html/index.php(17): require('/var/www/html/w...')
#10 {main}
  thrown in /var/www/html/wp-includes/class-wp-hook.php on line 308

2023-08-01T01:15:03+00:00 CRITICAL Uncaught TypeError: call_user_func_array(): Argument #1 ($callback) must be a valid callback, function "techup_footer_site_info" not found or invalid function name in /var/www/html/wp-includes/class-wp-hook.php:308
Stack trace:
#0 /var/www/html/wp-includes/class-wp-hook.php(332): WP_Hook->apply_filters(NULL, Array)
#1 /var/www/html/wp-includes/plugin.php(517): WP_Hook->do_action(Array)
#2 /var/www/html/wp-content/themes/techup/footer.php(32): do_action('techup_footer')
#3 /var/www/html/wp-includes/template.php(783): require_once('/var/www/html/w...')
#4 /var/www/html/wp-includes/template.php(718): load_template('/var/www/html/w...', true, Array)
#5 /var/www/html/wp-includes/general-template.php(92): locate_template(Array, true, true, Array)
#6 /var/www/html/wp-content/themes/techup/full-width.php(42): get_footer()
#7 /var/www/html/wp-includes/template-loader.php(106): include('/var/www/html/w...')
#8 /var/www/html/wp-blog-header.php(19): require_once('/var/www/html/w...')
#9 /var/www/html/index.php(17): require('/var/www/html/w...')
#10 {main}
  thrown in /var/www/html/wp-includes/class-wp-hook.php on line 308

2023-08-01T01:17:58+00:00 CRITICAL Uncaught TypeError: call_user_func_array(): Argument #1 ($callback) must be a valid callback, function "techup_footer_site_info" not found or invalid function name in /var/www/html/wp-includes/class-wp-hook.php:308
Stack trace:
#0 /var/www/html/wp-includes/class-wp-hook.php(332): WP_Hook->apply_filters(NULL, Array)
#1 /var/www/html/wp-includes/plugin.php(517): WP_Hook->do_action(Array)
#2 /var/www/html/wp-content/themes/techup/footer.php(32): do_action('techup_footer')
#3 /var/www/html/wp-includes/template.php(783): require_once('/var/www/html/w...')
#4 /var/www/html/wp-includes/template.php(718): load_template('/var/www/html/w...', true, Array)
#5 /var/www/html/wp-includes/general-template.php(92): locate_template(Array, true, true, Array)
#6 /var/www/html/wp-content/themes/techup/full-width.php(42): get_footer()
#7 /var/www/html/wp-includes/template-loader.php(106): include('/var/www/html/w...')
#8 /var/www/html/wp-blog-header.php(19): require_once('/var/www/html/w...')
#9 /var/www/html/index.php(17): require('/var/www/html/w...')
#10 {main}
  thrown in /var/www/html/wp-includes/class-wp-hook.php on line 308

2023-08-01T01:18:22+00:00 CRITICAL Uncaught TypeError: call_user_func_array(): Argument #1 ($callback) must be a valid callback, function "techup_footer_site_info" not found or invalid function name in /var/www/html/wp-includes/class-wp-hook.php:308
Stack trace:
#0 /var/www/html/wp-includes/class-wp-hook.php(332): WP_Hook->apply_filters(NULL, Array)
#1 /var/www/html/wp-includes/plugin.php(517): WP_Hook->do_action(Array)
#2 /var/www/html/wp-content/themes/techup/footer.php(32): do_action('techup_footer')
#3 /var/www/html/wp-includes/template.php(783): require_once('/var/www/html/w...')
#4 /var/www/html/wp-includes/template.php(718): load_template('/var/www/html/w...', true, Array)
#5 /var/www/html/wp-includes/general-template.php(92): locate_template(Array, true, true, Array)
#6 /var/www/html/wp-content/themes/techup/full-width.php(42): get_footer()
#7 /var/www/html/wp-includes/template-loader.php(106): include('/var/www/html/w...')
#8 /var/www/html/wp-blog-header.php(19): require_once('/var/www/html/w...')
#9 /var/www/html/index.php(17): require('/var/www/html/w...')
#10 {main}
  thrown in /var/www/html/wp-includes/class-wp-hook.php on line 308

2023-08-01T01:19:15+00:00 CRITICAL Uncaught TypeError: call_user_func_array(): Argument #1 ($callback) must be a valid callback, function "techup_footer_site_info" not found or invalid function name in /var/www/html/wp-includes/class-wp-hook.php:308
Stack trace:
#0 /var/www/html/wp-includes/class-wp-hook.php(332): WP_Hook->apply_filters(NULL, Array)
#1 /var/www/html/wp-includes/plugin.php(517): WP_Hook->do_action(Array)
#2 /var/www/html/wp-content/themes/techup/footer.php(32): do_action('techup_footer')
#3 /var/www/html/wp-includes/template.php(783): require_once('/var/www/html/w...')
#4 /var/www/html/wp-includes/template.php(718): load_template('/var/www/html/w...', true, Array)
#5 /var/www/html/wp-includes/general-template.php(92): locate_template(Array, true, true, Array)
#6 /var/www/html/wp-content/themes/techup/full-width.php(42): get_footer()
#7 /var/www/html/wp-includes/template-loader.php(106): include('/var/www/html/w...')
#8 /var/www/html/wp-blog-header.php(19): require_once('/var/www/html/w...')
#9 /var/www/html/index.php(17): require('/var/www/html/w...')
#10 {main}
  thrown in /var/www/html/wp-includes/class-wp-hook.php on line 308

2023-08-01T01:19:27+00:00 CRITICAL Uncaught TypeError: call_user_func_array(): Argument #1 ($callback) must be a valid callback, function "techup_footer_site_info" not found or invalid function name in /var/www/html/wp-includes/class-wp-hook.php:308
Stack trace:
#0 /var/www/html/wp-includes/class-wp-hook.php(332): WP_Hook->apply_filters(NULL, Array)
#1 /var/www/html/wp-includes/plugin.php(517): WP_Hook->do_action(Array)
#2 /var/www/html/wp-content/themes/techup/footer.php(32): do_action('techup_footer')
#3 /var/www/html/wp-includes/template.php(783): require_once('/var/www/html/w...')
#4 /var/www/html/wp-includes/template.php(718): load_template('/var/www/html/w...', true, Array)
#5 /var/www/html/wp-includes/general-template.php(92): locate_template(Array, true, true, Array)
#6 /var/www/html/wp-content/themes/techup/full-width.php(42): get_footer()
#7 /var/www/html/wp-includes/template-loader.php(106): include('/var/www/html/w...')
#8 /var/www/html/wp-blog-header.php(19): require_once('/var/www/html/w...')
#9 /var/www/html/index.php(17): require('/var/www/html/w...')
#10 {main}
  thrown in /var/www/html/wp-includes/class-wp-hook.php on line 308

2023-08-01T01:19:58+00:00 CRITICAL Uncaught TypeError: call_user_func_array(): Argument #1 ($callback) must be a valid callback, function "techup_footer_site_info" not found or invalid function name in /var/www/html/wp-includes/class-wp-hook.php:308
Stack trace:
#0 /var/www/html/wp-includes/class-wp-hook.php(332): WP_Hook->apply_filters(NULL, Array)
#1 /var/www/html/wp-includes/plugin.php(517): WP_Hook->do_action(Array)
#2 /var/www/html/wp-content/themes/techup/footer.php(32): do_action('techup_footer')
#3 /var/www/html/wp-includes/template.php(783): require_once('/var/www/html/w...')
#4 /var/www/html/wp-includes/template.php(718): load_template('/var/www/html/w...', true, Array)
#5 /var/www/html/wp-includes/general-template.php(92): locate_template(Array, true, true, Array)
#6 /var/www/html/wp-content/themes/techup/full-width.php(42): get_footer()
#7 /var/www/html/wp-includes/template-loader.php(106): include('/var/www/html/w...')
#8 /var/www/html/wp-blog-header.php(19): require_once('/var/www/html/w...')
#9 /var/www/html/index.php(17): require('/var/www/html/w...')
#10 {main}
  thrown in /var/www/html/wp-includes/class-wp-hook.php on line 308

2023-08-01T01:23:24+00:00 CRITICAL Uncaught TypeError: call_user_func_array(): Argument #1 ($callback) must be a valid callback, function "techup_footer_site_info" not found or invalid function name in /var/www/html/wp-includes/class-wp-hook.php:308
Stack trace:
#0 /var/www/html/wp-includes/class-wp-hook.php(332): WP_Hook->apply_filters(NULL, Array)
#1 /var/www/html/wp-includes/plugin.php(517): WP_Hook->do_action(Array)
#2 /var/www/html/wp-content/themes/techup/footer.php(32): do_action('techup_footer')
#3 /var/www/html/wp-includes/template.php(783): require_once('/var/www/html/w...')
#4 /var/www/html/wp-includes/template.php(718): load_template('/var/www/html/w...', true, Array)
#5 /var/www/html/wp-includes/general-template.php(92): locate_template(Array, true, true, Array)
#6 /var/www/html/wp-content/themes/techup/full-width.php(42): get_footer()
#7 /var/www/html/wp-includes/template-loader.php(106): include('/var/www/html/w...')
#8 /var/www/html/wp-blog-header.php(19): require_once('/var/www/html/w...')
#9 /var/www/html/index.php(17): require('/var/www/html/w...')
#10 {main}
  thrown in /var/www/html/wp-includes/class-wp-hook.php on line 308

2023-08-01T01:23:45+00:00 CRITICAL Uncaught TypeError: call_user_func_array(): Argument #1 ($callback) must be a valid callback, function "techup_footer_site_info" not found or invalid function name in /var/www/html/wp-includes/class-wp-hook.php:308
Stack trace:
#0 /var/www/html/wp-includes/class-wp-hook.php(332): WP_Hook->apply_filters(NULL, Array)
#1 /var/www/html/wp-includes/plugin.php(517): WP_Hook->do_action(Array)
#2 /var/www/html/wp-content/themes/techup/footer.php(32): do_action('techup_footer')
#3 /var/www/html/wp-includes/template.php(783): require_once('/var/www/html/w...')
#4 /var/www/html/wp-includes/template.php(718): load_template('/var/www/html/w...', true, Array)
#5 /var/www/html/wp-includes/general-template.php(92): locate_template(Array, true, true, Array)
#6 /var/www/html/wp-content/themes/techup/full-width.php(42): get_footer()
#7 /var/www/html/wp-includes/template-loader.php(106): include('/var/www/html/w...')
#8 /var/www/html/wp-blog-header.php(19): require_once('/var/www/html/w...')
#9 /var/www/html/index.php(17): require('/var/www/html/w...')
#10 {main}
  thrown in /var/www/html/wp-includes/class-wp-hook.php on line 308

2023-08-01T03:20:27+00:00 CRITICAL Uncaught TypeError: call_user_func_array(): Argument #1 ($callback) must be a valid callback, function "techup_footer_site_info" not found or invalid function name in /var/www/html/wp-includes/class-wp-hook.php:308
Stack trace:
#0 /var/www/html/wp-includes/class-wp-hook.php(332): WP_Hook->apply_filters(NULL, Array)
#1 /var/www/html/wp-includes/plugin.php(517): WP_Hook->do_action(Array)
#2 /var/www/html/wp-content/themes/techup/footer.php(32): do_action('techup_footer')
#3 /var/www/html/wp-includes/template.php(783): require_once('/var/www/html/w...')
#4 /var/www/html/wp-includes/template.php(718): load_template('/var/www/html/w...', true, Array)
#5 /var/www/html/wp-includes/general-template.php(92): locate_template(Array, true, true, Array)
#6 /var/www/html/wp-content/themes/techup/full-width.php(42): get_footer()
#7 /var/www/html/wp-includes/template-loader.php(106): include('/var/www/html/w...')
#8 /var/www/html/wp-blog-header.php(19): require_once('/var/www/html/w...')
#9 /var/www/html/index.php(17): require('/var/www/html/w...')
#10 {main}
  thrown in /var/www/html/wp-includes/class-wp-hook.php on line 308

2023-08-01T03:21:40+00:00 CRITICAL Uncaught TypeError: call_user_func_array(): Argument #1 ($callback) must be a valid callback, function "techup_footer_site_info" not found or invalid function name in /var/www/html/wp-includes/class-wp-hook.php:308
Stack trace:
#0 /var/www/html/wp-includes/class-wp-hook.php(332): WP_Hook->apply_filters(NULL, Array)
#1 /var/www/html/wp-includes/plugin.php(517): WP_Hook->do_action(Array)
#2 /var/www/html/wp-content/themes/techup/footer.php(32): do_action('techup_footer')
#3 /var/www/html/wp-includes/template.php(783): require_once('/var/www/html/w...')
#4 /var/www/html/wp-includes/template.php(718): load_template('/var/www/html/w...', true, Array)
#5 /var/www/html/wp-includes/general-template.php(92): locate_template(Array, true, true, Array)
#6 /var/www/html/wp-content/themes/techup/full-width.php(42): get_footer()
#7 /var/www/html/wp-includes/template-loader.php(106): include('/var/www/html/w...')
#8 /var/www/html/wp-blog-header.php(19): require_once('/var/www/html/w...')
#9 /var/www/html/index.php(17): require('/var/www/html/w...')
#10 {main}
  thrown in /var/www/html/wp-includes/class-wp-hook.php on line 308

2023-08-01T03:31:53+00:00 CRITICAL Uncaught TypeError: call_user_func_array(): Argument #1 ($callback) must be a valid callback, function "techup_footer_site_info" not found or invalid function name in /var/www/html/wp-includes/class-wp-hook.php:308
Stack trace:
#0 /var/www/html/wp-includes/class-wp-hook.php(332): WP_Hook->apply_filters(NULL, Array)
#1 /var/www/html/wp-includes/plugin.php(517): WP_Hook->do_action(Array)
#2 /var/www/html/wp-content/themes/techup/footer.php(32): do_action('techup_footer')
#3 /var/www/html/wp-includes/template.php(783): require_once('/var/www/html/w...')
#4 /var/www/html/wp-includes/template.php(718): load_template('/var/www/html/w...', true, Array)
#5 /var/www/html/wp-includes/general-template.php(92): locate_template(Array, true, true, Array)
#6 /var/www/html/wp-content/themes/techup/full-width.php(42): get_footer()
#7 /var/www/html/wp-includes/template-loader.php(106): include('/var/www/html/w...')
#8 /var/www/html/wp-blog-header.php(19): require_once('/var/www/html/w...')
#9 /var/www/html/index.php(17): require('/var/www/html/w...')
#10 {main}
  thrown in /var/www/html/wp-includes/class-wp-hook.php on line 308

