2023-07-31T00:15:12+00:00 CRITICAL Uncaught TypeError: call_user_func_array(): Argument #1 ($callback) must be a valid callback, function "techup_footer_site_info" not found or invalid function name in /var/www/html/wp-includes/class-wp-hook.php:308
Stack trace:
#0 /var/www/html/wp-includes/class-wp-hook.php(332): WP_Hook->apply_filters(NULL, Array)
#1 /var/www/html/wp-includes/plugin.php(517): WP_Hook->do_action(Array)
#2 /var/www/html/wp-content/themes/techup/footer.php(32): do_action('techup_footer')
#3 /var/www/html/wp-includes/template.php(783): require_once('/var/www/html/w...')
#4 /var/www/html/wp-includes/template.php(718): load_template('/var/www/html/w...', true, Array)
#5 /var/www/html/wp-includes/general-template.php(92): locate_template(Array, true, true, Array)
#6 /var/www/html/wp-content/themes/techup/full-width.php(42): get_footer()
#7 /var/www/html/wp-includes/template-loader.php(106): include('/var/www/html/w...')
#8 /var/www/html/wp-blog-header.php(19): require_once('/var/www/html/w...')
#9 /var/www/html/index.php(17): require('/var/www/html/w...')
#10 {main}
  thrown in /var/www/html/wp-includes/class-wp-hook.php on line 308

2023-07-31T00:17:37+00:00 CRITICAL Uncaught TypeError: call_user_func_array(): Argument #1 ($callback) must be a valid callback, function "techup_footer_site_info" not found or invalid function name in /var/www/html/wp-includes/class-wp-hook.php:308
Stack trace:
#0 /var/www/html/wp-includes/class-wp-hook.php(332): WP_Hook->apply_filters(NULL, Array)
#1 /var/www/html/wp-includes/plugin.php(517): WP_Hook->do_action(Array)
#2 /var/www/html/wp-content/themes/techup/footer.php(32): do_action('techup_footer')
#3 /var/www/html/wp-includes/template.php(783): require_once('/var/www/html/w...')
#4 /var/www/html/wp-includes/template.php(718): load_template('/var/www/html/w...', true, Array)
#5 /var/www/html/wp-includes/general-template.php(92): locate_template(Array, true, true, Array)
#6 /var/www/html/wp-content/themes/techup/full-width.php(42): get_footer()
#7 /var/www/html/wp-includes/template-loader.php(106): include('/var/www/html/w...')
#8 /var/www/html/wp-blog-header.php(19): require_once('/var/www/html/w...')
#9 /var/www/html/index.php(17): require('/var/www/html/w...')
#10 {main}
  thrown in /var/www/html/wp-includes/class-wp-hook.php on line 308

2023-07-31T00:27:25+00:00 CRITICAL Uncaught TypeError: call_user_func_array(): Argument #1 ($callback) must be a valid callback, function "techup_footer_site_info" not found or invalid function name in /var/www/html/wp-includes/class-wp-hook.php:308
Stack trace:
#0 /var/www/html/wp-includes/class-wp-hook.php(332): WP_Hook->apply_filters(NULL, Array)
#1 /var/www/html/wp-includes/plugin.php(517): WP_Hook->do_action(Array)
#2 /var/www/html/wp-content/themes/techup/footer.php(32): do_action('techup_footer')
#3 /var/www/html/wp-includes/template.php(783): require_once('/var/www/html/w...')
#4 /var/www/html/wp-includes/template.php(718): load_template('/var/www/html/w...', true, Array)
#5 /var/www/html/wp-includes/general-template.php(92): locate_template(Array, true, true, Array)
#6 /var/www/html/wp-content/themes/techup/full-width.php(42): get_footer()
#7 /var/www/html/wp-includes/template-loader.php(106): include('/var/www/html/w...')
#8 /var/www/html/wp-blog-header.php(19): require_once('/var/www/html/w...')
#9 /var/www/html/index.php(17): require('/var/www/html/w...')
#10 {main}
  thrown in /var/www/html/wp-includes/class-wp-hook.php on line 308

2023-07-31T00:27:57+00:00 CRITICAL Uncaught TypeError: call_user_func_array(): Argument #1 ($callback) must be a valid callback, function "techup_footer_site_info" not found or invalid function name in /var/www/html/wp-includes/class-wp-hook.php:308
Stack trace:
#0 /var/www/html/wp-includes/class-wp-hook.php(332): WP_Hook->apply_filters(NULL, Array)
#1 /var/www/html/wp-includes/plugin.php(517): WP_Hook->do_action(Array)
#2 /var/www/html/wp-content/themes/techup/footer.php(32): do_action('techup_footer')
#3 /var/www/html/wp-includes/template.php(783): require_once('/var/www/html/w...')
#4 /var/www/html/wp-includes/template.php(718): load_template('/var/www/html/w...', true, Array)
#5 /var/www/html/wp-includes/general-template.php(92): locate_template(Array, true, true, Array)
#6 /var/www/html/wp-content/themes/techup/full-width.php(42): get_footer()
#7 /var/www/html/wp-includes/template-loader.php(106): include('/var/www/html/w...')
#8 /var/www/html/wp-blog-header.php(19): require_once('/var/www/html/w...')
#9 /var/www/html/index.php(17): require('/var/www/html/w...')
#10 {main}
  thrown in /var/www/html/wp-includes/class-wp-hook.php on line 308

2023-07-31T00:30:29+00:00 CRITICAL Uncaught TypeError: call_user_func_array(): Argument #1 ($callback) must be a valid callback, function "techup_footer_site_info" not found or invalid function name in /var/www/html/wp-includes/class-wp-hook.php:308
Stack trace:
#0 /var/www/html/wp-includes/class-wp-hook.php(332): WP_Hook->apply_filters(NULL, Array)
#1 /var/www/html/wp-includes/plugin.php(517): WP_Hook->do_action(Array)
#2 /var/www/html/wp-content/themes/techup/footer.php(32): do_action('techup_footer')
#3 /var/www/html/wp-includes/template.php(783): require_once('/var/www/html/w...')
#4 /var/www/html/wp-includes/template.php(718): load_template('/var/www/html/w...', true, Array)
#5 /var/www/html/wp-includes/general-template.php(92): locate_template(Array, true, true, Array)
#6 /var/www/html/wp-content/themes/techup/full-width.php(42): get_footer()
#7 /var/www/html/wp-includes/template-loader.php(106): include('/var/www/html/w...')
#8 /var/www/html/wp-blog-header.php(19): require_once('/var/www/html/w...')
#9 /var/www/html/index.php(17): require('/var/www/html/w...')
#10 {main}
  thrown in /var/www/html/wp-includes/class-wp-hook.php on line 308

2023-07-31T00:32:03+00:00 CRITICAL Uncaught TypeError: call_user_func_array(): Argument #1 ($callback) must be a valid callback, function "techup_footer_site_info" not found or invalid function name in /var/www/html/wp-includes/class-wp-hook.php:308
Stack trace:
#0 /var/www/html/wp-includes/class-wp-hook.php(332): WP_Hook->apply_filters(NULL, Array)
#1 /var/www/html/wp-includes/plugin.php(517): WP_Hook->do_action(Array)
#2 /var/www/html/wp-content/themes/techup/footer.php(32): do_action('techup_footer')
#3 /var/www/html/wp-includes/template.php(783): require_once('/var/www/html/w...')
#4 /var/www/html/wp-includes/template.php(718): load_template('/var/www/html/w...', true, Array)
#5 /var/www/html/wp-includes/general-template.php(92): locate_template(Array, true, true, Array)
#6 /var/www/html/wp-content/themes/techup/full-width.php(42): get_footer()
#7 /var/www/html/wp-includes/template-loader.php(106): include('/var/www/html/w...')
#8 /var/www/html/wp-blog-header.php(19): require_once('/var/www/html/w...')
#9 /var/www/html/index.php(17): require('/var/www/html/w...')
#10 {main}
  thrown in /var/www/html/wp-includes/class-wp-hook.php on line 308

2023-07-31T00:40:12+00:00 CRITICAL Uncaught TypeError: call_user_func_array(): Argument #1 ($callback) must be a valid callback, function "techup_footer_site_info" not found or invalid function name in /var/www/html/wp-includes/class-wp-hook.php:308
Stack trace:
#0 /var/www/html/wp-includes/class-wp-hook.php(332): WP_Hook->apply_filters(NULL, Array)
#1 /var/www/html/wp-includes/plugin.php(517): WP_Hook->do_action(Array)
#2 /var/www/html/wp-content/themes/techup/footer.php(32): do_action('techup_footer')
#3 /var/www/html/wp-includes/template.php(783): require_once('/var/www/html/w...')
#4 /var/www/html/wp-includes/template.php(718): load_template('/var/www/html/w...', true, Array)
#5 /var/www/html/wp-includes/general-template.php(92): locate_template(Array, true, true, Array)
#6 /var/www/html/wp-content/themes/techup/full-width.php(42): get_footer()
#7 /var/www/html/wp-includes/template-loader.php(106): include('/var/www/html/w...')
#8 /var/www/html/wp-blog-header.php(19): require_once('/var/www/html/w...')
#9 /var/www/html/index.php(17): require('/var/www/html/w...')
#10 {main}
  thrown in /var/www/html/wp-includes/class-wp-hook.php on line 308

2023-07-31T01:18:50+00:00 CRITICAL Uncaught TypeError: call_user_func_array(): Argument #1 ($callback) must be a valid callback, function "techup_footer_site_info" not found or invalid function name in /var/www/html/wp-includes/class-wp-hook.php:308
Stack trace:
#0 /var/www/html/wp-includes/class-wp-hook.php(332): WP_Hook->apply_filters(NULL, Array)
#1 /var/www/html/wp-includes/plugin.php(517): WP_Hook->do_action(Array)
#2 /var/www/html/wp-content/themes/techup/footer.php(32): do_action('techup_footer')
#3 /var/www/html/wp-includes/template.php(783): require_once('/var/www/html/w...')
#4 /var/www/html/wp-includes/template.php(718): load_template('/var/www/html/w...', true, Array)
#5 /var/www/html/wp-includes/general-template.php(92): locate_template(Array, true, true, Array)
#6 /var/www/html/wp-content/themes/techup/full-width.php(42): get_footer()
#7 /var/www/html/wp-includes/template-loader.php(106): include('/var/www/html/w...')
#8 /var/www/html/wp-blog-header.php(19): require_once('/var/www/html/w...')
#9 /var/www/html/index.php(17): require('/var/www/html/w...')
#10 {main}
  thrown in /var/www/html/wp-includes/class-wp-hook.php on line 308

2023-07-31T01:19:31+00:00 CRITICAL Uncaught TypeError: call_user_func_array(): Argument #1 ($callback) must be a valid callback, function "techup_footer_site_info" not found or invalid function name in /var/www/html/wp-includes/class-wp-hook.php:308
Stack trace:
#0 /var/www/html/wp-includes/class-wp-hook.php(332): WP_Hook->apply_filters(NULL, Array)
#1 /var/www/html/wp-includes/plugin.php(517): WP_Hook->do_action(Array)
#2 /var/www/html/wp-content/themes/techup/footer.php(32): do_action('techup_footer')
#3 /var/www/html/wp-includes/template.php(783): require_once('/var/www/html/w...')
#4 /var/www/html/wp-includes/template.php(718): load_template('/var/www/html/w...', true, Array)
#5 /var/www/html/wp-includes/general-template.php(92): locate_template(Array, true, true, Array)
#6 /var/www/html/wp-content/themes/techup/full-width.php(42): get_footer()
#7 /var/www/html/wp-includes/template-loader.php(106): include('/var/www/html/w...')
#8 /var/www/html/wp-blog-header.php(19): require_once('/var/www/html/w...')
#9 /var/www/html/index.php(17): require('/var/www/html/w...')
#10 {main}
  thrown in /var/www/html/wp-includes/class-wp-hook.php on line 308

2023-07-31T01:20:38+00:00 CRITICAL Uncaught TypeError: call_user_func_array(): Argument #1 ($callback) must be a valid callback, function "techup_footer_site_info" not found or invalid function name in /var/www/html/wp-includes/class-wp-hook.php:308
Stack trace:
#0 /var/www/html/wp-includes/class-wp-hook.php(332): WP_Hook->apply_filters(NULL, Array)
#1 /var/www/html/wp-includes/plugin.php(517): WP_Hook->do_action(Array)
#2 /var/www/html/wp-content/themes/techup/footer.php(32): do_action('techup_footer')
#3 /var/www/html/wp-includes/template.php(783): require_once('/var/www/html/w...')
#4 /var/www/html/wp-includes/template.php(718): load_template('/var/www/html/w...', true, Array)
#5 /var/www/html/wp-includes/general-template.php(92): locate_template(Array, true, true, Array)
#6 /var/www/html/wp-content/themes/techup/full-width.php(42): get_footer()
#7 /var/www/html/wp-includes/template-loader.php(106): include('/var/www/html/w...')
#8 /var/www/html/wp-blog-header.php(19): require_once('/var/www/html/w...')
#9 /var/www/html/index.php(17): require('/var/www/html/w...')
#10 {main}
  thrown in /var/www/html/wp-includes/class-wp-hook.php on line 308

2023-07-31T04:05:59+00:00 CRITICAL Uncaught TypeError: call_user_func_array(): Argument #1 ($callback) must be a valid callback, function "techup_footer_site_info" not found or invalid function name in /var/www/html/wp-includes/class-wp-hook.php:308
Stack trace:
#0 /var/www/html/wp-includes/class-wp-hook.php(332): WP_Hook->apply_filters(NULL, Array)
#1 /var/www/html/wp-includes/plugin.php(517): WP_Hook->do_action(Array)
#2 /var/www/html/wp-content/themes/techup/footer.php(32): do_action('techup_footer')
#3 /var/www/html/wp-includes/template.php(783): require_once('/var/www/html/w...')
#4 /var/www/html/wp-includes/template.php(718): load_template('/var/www/html/w...', true, Array)
#5 /var/www/html/wp-includes/general-template.php(92): locate_template(Array, true, true, Array)
#6 /var/www/html/wp-content/themes/techup/full-width.php(42): get_footer()
#7 /var/www/html/wp-includes/template-loader.php(106): include('/var/www/html/w...')
#8 /var/www/html/wp-blog-header.php(19): require_once('/var/www/html/w...')
#9 /var/www/html/index.php(17): require('/var/www/html/w...')
#10 {main}
  thrown in /var/www/html/wp-includes/class-wp-hook.php on line 308

2023-07-31T04:20:20+00:00 CRITICAL Uncaught TypeError: call_user_func_array(): Argument #1 ($callback) must be a valid callback, function "techup_footer_site_info" not found or invalid function name in /var/www/html/wp-includes/class-wp-hook.php:308
Stack trace:
#0 /var/www/html/wp-includes/class-wp-hook.php(332): WP_Hook->apply_filters(NULL, Array)
#1 /var/www/html/wp-includes/plugin.php(517): WP_Hook->do_action(Array)
#2 /var/www/html/wp-content/themes/techup/footer.php(32): do_action('techup_footer')
#3 /var/www/html/wp-includes/template.php(783): require_once('/var/www/html/w...')
#4 /var/www/html/wp-includes/template.php(718): load_template('/var/www/html/w...', true, Array)
#5 /var/www/html/wp-includes/general-template.php(92): locate_template(Array, true, true, Array)
#6 /var/www/html/wp-content/themes/techup/full-width.php(42): get_footer()
#7 /var/www/html/wp-includes/template-loader.php(106): include('/var/www/html/w...')
#8 /var/www/html/wp-blog-header.php(19): require_once('/var/www/html/w...')
#9 /var/www/html/index.php(17): require('/var/www/html/w...')
#10 {main}
  thrown in /var/www/html/wp-includes/class-wp-hook.php on line 308

2023-07-31T04:38:07+00:00 CRITICAL Uncaught TypeError: call_user_func_array(): Argument #1 ($callback) must be a valid callback, function "techup_footer_site_info" not found or invalid function name in /var/www/html/wp-includes/class-wp-hook.php:308
Stack trace:
#0 /var/www/html/wp-includes/class-wp-hook.php(332): WP_Hook->apply_filters(NULL, Array)
#1 /var/www/html/wp-includes/plugin.php(517): WP_Hook->do_action(Array)
#2 /var/www/html/wp-content/themes/techup/footer.php(32): do_action('techup_footer')
#3 /var/www/html/wp-includes/template.php(783): require_once('/var/www/html/w...')
#4 /var/www/html/wp-includes/template.php(718): load_template('/var/www/html/w...', true, Array)
#5 /var/www/html/wp-includes/general-template.php(92): locate_template(Array, true, true, Array)
#6 /var/www/html/wp-content/themes/techup/full-width.php(42): get_footer()
#7 /var/www/html/wp-includes/template-loader.php(106): include('/var/www/html/w...')
#8 /var/www/html/wp-blog-header.php(19): require_once('/var/www/html/w...')
#9 /var/www/html/index.php(17): require('/var/www/html/w...')
#10 {main}
  thrown in /var/www/html/wp-includes/class-wp-hook.php on line 308

2023-07-31T04:42:56+00:00 CRITICAL Uncaught TypeError: call_user_func_array(): Argument #1 ($callback) must be a valid callback, function "techup_footer_site_info" not found or invalid function name in /var/www/html/wp-includes/class-wp-hook.php:308
Stack trace:
#0 /var/www/html/wp-includes/class-wp-hook.php(332): WP_Hook->apply_filters(NULL, Array)
#1 /var/www/html/wp-includes/plugin.php(517): WP_Hook->do_action(Array)
#2 /var/www/html/wp-content/themes/techup/footer.php(32): do_action('techup_footer')
#3 /var/www/html/wp-includes/template.php(783): require_once('/var/www/html/w...')
#4 /var/www/html/wp-includes/template.php(718): load_template('/var/www/html/w...', true, Array)
#5 /var/www/html/wp-includes/general-template.php(92): locate_template(Array, true, true, Array)
#6 /var/www/html/wp-content/themes/techup/full-width.php(42): get_footer()
#7 /var/www/html/wp-includes/template-loader.php(106): include('/var/www/html/w...')
#8 /var/www/html/wp-blog-header.php(19): require_once('/var/www/html/w...')
#9 /var/www/html/index.php(17): require('/var/www/html/w...')
#10 {main}
  thrown in /var/www/html/wp-includes/class-wp-hook.php on line 308

2023-07-31T05:27:55+00:00 CRITICAL Uncaught TypeError: call_user_func_array(): Argument #1 ($callback) must be a valid callback, function "techup_footer_site_info" not found or invalid function name in /var/www/html/wp-includes/class-wp-hook.php:308
Stack trace:
#0 /var/www/html/wp-includes/class-wp-hook.php(332): WP_Hook->apply_filters(NULL, Array)
#1 /var/www/html/wp-includes/plugin.php(517): WP_Hook->do_action(Array)
#2 /var/www/html/wp-content/themes/techup/footer.php(32): do_action('techup_footer')
#3 /var/www/html/wp-includes/template.php(783): require_once('/var/www/html/w...')
#4 /var/www/html/wp-includes/template.php(718): load_template('/var/www/html/w...', true, Array)
#5 /var/www/html/wp-includes/general-template.php(92): locate_template(Array, true, true, Array)
#6 /var/www/html/wp-content/themes/techup/full-width.php(42): get_footer()
#7 /var/www/html/wp-includes/template-loader.php(106): include('/var/www/html/w...')
#8 /var/www/html/wp-blog-header.php(19): require_once('/var/www/html/w...')
#9 /var/www/html/index.php(17): require('/var/www/html/w...')
#10 {main}
  thrown in /var/www/html/wp-includes/class-wp-hook.php on line 308

2023-07-31T05:29:15+00:00 CRITICAL Uncaught TypeError: call_user_func_array(): Argument #1 ($callback) must be a valid callback, function "techup_footer_site_info" not found or invalid function name in /var/www/html/wp-includes/class-wp-hook.php:308
Stack trace:
#0 /var/www/html/wp-includes/class-wp-hook.php(332): WP_Hook->apply_filters(NULL, Array)
#1 /var/www/html/wp-includes/plugin.php(517): WP_Hook->do_action(Array)
#2 /var/www/html/wp-content/themes/techup/footer.php(32): do_action('techup_footer')
#3 /var/www/html/wp-includes/template.php(783): require_once('/var/www/html/w...')
#4 /var/www/html/wp-includes/template.php(718): load_template('/var/www/html/w...', true, Array)
#5 /var/www/html/wp-includes/general-template.php(92): locate_template(Array, true, true, Array)
#6 /var/www/html/wp-content/themes/techup/full-width.php(42): get_footer()
#7 /var/www/html/wp-includes/template-loader.php(106): include('/var/www/html/w...')
#8 /var/www/html/wp-blog-header.php(19): require_once('/var/www/html/w...')
#9 /var/www/html/index.php(17): require('/var/www/html/w...')
#10 {main}
  thrown in /var/www/html/wp-includes/class-wp-hook.php on line 308

2023-07-31T05:48:39+00:00 CRITICAL Uncaught TypeError: call_user_func_array(): Argument #1 ($callback) must be a valid callback, function "techup_footer_site_info" not found or invalid function name in /var/www/html/wp-includes/class-wp-hook.php:308
Stack trace:
#0 /var/www/html/wp-includes/class-wp-hook.php(332): WP_Hook->apply_filters(NULL, Array)
#1 /var/www/html/wp-includes/plugin.php(517): WP_Hook->do_action(Array)
#2 /var/www/html/wp-content/themes/techup/footer.php(32): do_action('techup_footer')
#3 /var/www/html/wp-includes/template.php(783): require_once('/var/www/html/w...')
#4 /var/www/html/wp-includes/template.php(718): load_template('/var/www/html/w...', true, Array)
#5 /var/www/html/wp-includes/general-template.php(92): locate_template(Array, true, true, Array)
#6 /var/www/html/wp-content/themes/techup/full-width.php(42): get_footer()
#7 /var/www/html/wp-includes/template-loader.php(106): include('/var/www/html/w...')
#8 /var/www/html/wp-blog-header.php(19): require_once('/var/www/html/w...')
#9 /var/www/html/index.php(17): require('/var/www/html/w...')
#10 {main}
  thrown in /var/www/html/wp-includes/class-wp-hook.php on line 308

2023-07-31T05:53:53+00:00 CRITICAL Uncaught TypeError: call_user_func_array(): Argument #1 ($callback) must be a valid callback, function "techup_footer_site_info" not found or invalid function name in /var/www/html/wp-includes/class-wp-hook.php:308
Stack trace:
#0 /var/www/html/wp-includes/class-wp-hook.php(332): WP_Hook->apply_filters(NULL, Array)
#1 /var/www/html/wp-includes/plugin.php(517): WP_Hook->do_action(Array)
#2 /var/www/html/wp-content/themes/techup/footer.php(32): do_action('techup_footer')
#3 /var/www/html/wp-includes/template.php(783): require_once('/var/www/html/w...')
#4 /var/www/html/wp-includes/template.php(718): load_template('/var/www/html/w...', true, Array)
#5 /var/www/html/wp-includes/general-template.php(92): locate_template(Array, true, true, Array)
#6 /var/www/html/wp-content/themes/techup/full-width.php(42): get_footer()
#7 /var/www/html/wp-includes/template-loader.php(106): include('/var/www/html/w...')
#8 /var/www/html/wp-blog-header.php(19): require_once('/var/www/html/w...')
#9 /var/www/html/index.php(17): require('/var/www/html/w...')
#10 {main}
  thrown in /var/www/html/wp-includes/class-wp-hook.php on line 308

2023-07-31T06:43:39+00:00 CRITICAL Uncaught TypeError: call_user_func_array(): Argument #1 ($callback) must be a valid callback, function "techup_footer_site_info" not found or invalid function name in /var/www/html/wp-includes/class-wp-hook.php:308
Stack trace:
#0 /var/www/html/wp-includes/class-wp-hook.php(332): WP_Hook->apply_filters(NULL, Array)
#1 /var/www/html/wp-includes/plugin.php(517): WP_Hook->do_action(Array)
#2 /var/www/html/wp-content/themes/techup/footer.php(32): do_action('techup_footer')
#3 /var/www/html/wp-includes/template.php(783): require_once('/var/www/html/w...')
#4 /var/www/html/wp-includes/template.php(718): load_template('/var/www/html/w...', true, Array)
#5 /var/www/html/wp-includes/general-template.php(92): locate_template(Array, true, true, Array)
#6 /var/www/html/wp-content/themes/techup/full-width.php(42): get_footer()
#7 /var/www/html/wp-includes/template-loader.php(106): include('/var/www/html/w...')
#8 /var/www/html/wp-blog-header.php(19): require_once('/var/www/html/w...')
#9 /var/www/html/index.php(17): require('/var/www/html/w...')
#10 {main}
  thrown in /var/www/html/wp-includes/class-wp-hook.php on line 308

2023-07-31T06:52:09+00:00 CRITICAL Uncaught TypeError: call_user_func_array(): Argument #1 ($callback) must be a valid callback, function "techup_footer_site_info" not found or invalid function name in /var/www/html/wp-includes/class-wp-hook.php:308
Stack trace:
#0 /var/www/html/wp-includes/class-wp-hook.php(332): WP_Hook->apply_filters(NULL, Array)
#1 /var/www/html/wp-includes/plugin.php(517): WP_Hook->do_action(Array)
#2 /var/www/html/wp-content/themes/techup/footer.php(32): do_action('techup_footer')
#3 /var/www/html/wp-includes/template.php(783): require_once('/var/www/html/w...')
#4 /var/www/html/wp-includes/template.php(718): load_template('/var/www/html/w...', true, Array)
#5 /var/www/html/wp-includes/general-template.php(92): locate_template(Array, true, true, Array)
#6 /var/www/html/wp-content/themes/techup/full-width.php(42): get_footer()
#7 /var/www/html/wp-includes/template-loader.php(106): include('/var/www/html/w...')
#8 /var/www/html/wp-blog-header.php(19): require_once('/var/www/html/w...')
#9 /var/www/html/index.php(17): require('/var/www/html/w...')
#10 {main}
  thrown in /var/www/html/wp-includes/class-wp-hook.php on line 308

2023-07-31T06:59:19+00:00 CRITICAL Uncaught TypeError: call_user_func_array(): Argument #1 ($callback) must be a valid callback, function "techup_footer_site_info" not found or invalid function name in /var/www/html/wp-includes/class-wp-hook.php:308
Stack trace:
#0 /var/www/html/wp-includes/class-wp-hook.php(332): WP_Hook->apply_filters(NULL, Array)
#1 /var/www/html/wp-includes/plugin.php(517): WP_Hook->do_action(Array)
#2 /var/www/html/wp-content/themes/techup/footer.php(32): do_action('techup_footer')
#3 /var/www/html/wp-includes/template.php(783): require_once('/var/www/html/w...')
#4 /var/www/html/wp-includes/template.php(718): load_template('/var/www/html/w...', true, Array)
#5 /var/www/html/wp-includes/general-template.php(92): locate_template(Array, true, true, Array)
#6 /var/www/html/wp-content/themes/techup/full-width.php(42): get_footer()
#7 /var/www/html/wp-includes/template-loader.php(106): include('/var/www/html/w...')
#8 /var/www/html/wp-blog-header.php(19): require_once('/var/www/html/w...')
#9 /var/www/html/index.php(17): require('/var/www/html/w...')
#10 {main}
  thrown in /var/www/html/wp-includes/class-wp-hook.php on line 308

2023-07-31T07:02:19+00:00 CRITICAL Uncaught TypeError: call_user_func_array(): Argument #1 ($callback) must be a valid callback, function "techup_footer_site_info" not found or invalid function name in /var/www/html/wp-includes/class-wp-hook.php:308
Stack trace:
#0 /var/www/html/wp-includes/class-wp-hook.php(332): WP_Hook->apply_filters(NULL, Array)
#1 /var/www/html/wp-includes/plugin.php(517): WP_Hook->do_action(Array)
#2 /var/www/html/wp-content/themes/techup/footer.php(32): do_action('techup_footer')
#3 /var/www/html/wp-includes/template.php(783): require_once('/var/www/html/w...')
#4 /var/www/html/wp-includes/template.php(718): load_template('/var/www/html/w...', true, Array)
#5 /var/www/html/wp-includes/general-template.php(92): locate_template(Array, true, true, Array)
#6 /var/www/html/wp-content/themes/techup/full-width.php(42): get_footer()
#7 /var/www/html/wp-includes/template-loader.php(106): include('/var/www/html/w...')
#8 /var/www/html/wp-blog-header.php(19): require_once('/var/www/html/w...')
#9 /var/www/html/index.php(17): require('/var/www/html/w...')
#10 {main}
  thrown in /var/www/html/wp-includes/class-wp-hook.php on line 308

2023-07-31T07:02:31+00:00 CRITICAL Uncaught TypeError: call_user_func_array(): Argument #1 ($callback) must be a valid callback, function "techup_footer_site_info" not found or invalid function name in /var/www/html/wp-includes/class-wp-hook.php:308
Stack trace:
#0 /var/www/html/wp-includes/class-wp-hook.php(332): WP_Hook->apply_filters(NULL, Array)
#1 /var/www/html/wp-includes/plugin.php(517): WP_Hook->do_action(Array)
#2 /var/www/html/wp-content/themes/techup/footer.php(32): do_action('techup_footer')
#3 /var/www/html/wp-includes/template.php(783): require_once('/var/www/html/w...')
#4 /var/www/html/wp-includes/template.php(718): load_template('/var/www/html/w...', true, Array)
#5 /var/www/html/wp-includes/general-template.php(92): locate_template(Array, true, true, Array)
#6 /var/www/html/wp-content/themes/techup/full-width.php(42): get_footer()
#7 /var/www/html/wp-includes/template-loader.php(106): include('/var/www/html/w...')
#8 /var/www/html/wp-blog-header.php(19): require_once('/var/www/html/w...')
#9 /var/www/html/index.php(17): require('/var/www/html/w...')
#10 {main}
  thrown in /var/www/html/wp-includes/class-wp-hook.php on line 308

2023-07-31T07:04:20+00:00 CRITICAL Uncaught TypeError: call_user_func_array(): Argument #1 ($callback) must be a valid callback, function "techup_footer_site_info" not found or invalid function name in /var/www/html/wp-includes/class-wp-hook.php:308
Stack trace:
#0 /var/www/html/wp-includes/class-wp-hook.php(332): WP_Hook->apply_filters(NULL, Array)
#1 /var/www/html/wp-includes/plugin.php(517): WP_Hook->do_action(Array)
#2 /var/www/html/wp-content/themes/techup/footer.php(32): do_action('techup_footer')
#3 /var/www/html/wp-includes/template.php(783): require_once('/var/www/html/w...')
#4 /var/www/html/wp-includes/template.php(718): load_template('/var/www/html/w...', true, Array)
#5 /var/www/html/wp-includes/general-template.php(92): locate_template(Array, true, true, Array)
#6 /var/www/html/wp-content/themes/techup/full-width.php(42): get_footer()
#7 /var/www/html/wp-includes/template-loader.php(106): include('/var/www/html/w...')
#8 /var/www/html/wp-blog-header.php(19): require_once('/var/www/html/w...')
#9 /var/www/html/index.php(17): require('/var/www/html/w...')
#10 {main}
  thrown in /var/www/html/wp-includes/class-wp-hook.php on line 308

2023-07-31T07:06:58+00:00 CRITICAL Uncaught TypeError: call_user_func_array(): Argument #1 ($callback) must be a valid callback, function "techup_footer_site_info" not found or invalid function name in /var/www/html/wp-includes/class-wp-hook.php:308
Stack trace:
#0 /var/www/html/wp-includes/class-wp-hook.php(332): WP_Hook->apply_filters(NULL, Array)
#1 /var/www/html/wp-includes/plugin.php(517): WP_Hook->do_action(Array)
#2 /var/www/html/wp-content/themes/techup/footer.php(32): do_action('techup_footer')
#3 /var/www/html/wp-includes/template.php(783): require_once('/var/www/html/w...')
#4 /var/www/html/wp-includes/template.php(718): load_template('/var/www/html/w...', true, Array)
#5 /var/www/html/wp-includes/general-template.php(92): locate_template(Array, true, true, Array)
#6 /var/www/html/wp-content/themes/techup/full-width.php(42): get_footer()
#7 /var/www/html/wp-includes/template-loader.php(106): include('/var/www/html/w...')
#8 /var/www/html/wp-blog-header.php(19): require_once('/var/www/html/w...')
#9 /var/www/html/index.php(17): require('/var/www/html/w...')
#10 {main}
  thrown in /var/www/html/wp-includes/class-wp-hook.php on line 308

2023-07-31T07:10:33+00:00 CRITICAL Uncaught TypeError: call_user_func_array(): Argument #1 ($callback) must be a valid callback, function "techup_footer_site_info" not found or invalid function name in /var/www/html/wp-includes/class-wp-hook.php:308
Stack trace:
#0 /var/www/html/wp-includes/class-wp-hook.php(332): WP_Hook->apply_filters(NULL, Array)
#1 /var/www/html/wp-includes/plugin.php(517): WP_Hook->do_action(Array)
#2 /var/www/html/wp-content/themes/techup/footer.php(32): do_action('techup_footer')
#3 /var/www/html/wp-includes/template.php(783): require_once('/var/www/html/w...')
#4 /var/www/html/wp-includes/template.php(718): load_template('/var/www/html/w...', true, Array)
#5 /var/www/html/wp-includes/general-template.php(92): locate_template(Array, true, true, Array)
#6 /var/www/html/wp-content/themes/techup/full-width.php(42): get_footer()
#7 /var/www/html/wp-includes/template-loader.php(106): include('/var/www/html/w...')
#8 /var/www/html/wp-blog-header.php(19): require_once('/var/www/html/w...')
#9 /var/www/html/index.php(17): require('/var/www/html/w...')
#10 {main}
  thrown in /var/www/html/wp-includes/class-wp-hook.php on line 308

2023-07-31T07:10:50+00:00 CRITICAL Uncaught TypeError: call_user_func_array(): Argument #1 ($callback) must be a valid callback, function "techup_footer_site_info" not found or invalid function name in /var/www/html/wp-includes/class-wp-hook.php:308
Stack trace:
#0 /var/www/html/wp-includes/class-wp-hook.php(332): WP_Hook->apply_filters(NULL, Array)
#1 /var/www/html/wp-includes/plugin.php(517): WP_Hook->do_action(Array)
#2 /var/www/html/wp-content/themes/techup/footer.php(32): do_action('techup_footer')
#3 /var/www/html/wp-includes/template.php(783): require_once('/var/www/html/w...')
#4 /var/www/html/wp-includes/template.php(718): load_template('/var/www/html/w...', true, Array)
#5 /var/www/html/wp-includes/general-template.php(92): locate_template(Array, true, true, Array)
#6 /var/www/html/wp-content/themes/techup/full-width.php(42): get_footer()
#7 /var/www/html/wp-includes/template-loader.php(106): include('/var/www/html/w...')
#8 /var/www/html/wp-blog-header.php(19): require_once('/var/www/html/w...')
#9 /var/www/html/index.php(17): require('/var/www/html/w...')
#10 {main}
  thrown in /var/www/html/wp-includes/class-wp-hook.php on line 308

2023-07-31T07:19:17+00:00 CRITICAL Uncaught TypeError: call_user_func_array(): Argument #1 ($callback) must be a valid callback, function "techup_footer_site_info" not found or invalid function name in /var/www/html/wp-includes/class-wp-hook.php:308
Stack trace:
#0 /var/www/html/wp-includes/class-wp-hook.php(332): WP_Hook->apply_filters(NULL, Array)
#1 /var/www/html/wp-includes/plugin.php(517): WP_Hook->do_action(Array)
#2 /var/www/html/wp-content/themes/techup/footer.php(32): do_action('techup_footer')
#3 /var/www/html/wp-includes/template.php(783): require_once('/var/www/html/w...')
#4 /var/www/html/wp-includes/template.php(718): load_template('/var/www/html/w...', true, Array)
#5 /var/www/html/wp-includes/general-template.php(92): locate_template(Array, true, true, Array)
#6 /var/www/html/wp-content/themes/techup/full-width.php(42): get_footer()
#7 /var/www/html/wp-includes/template-loader.php(106): include('/var/www/html/w...')
#8 /var/www/html/wp-blog-header.php(19): require_once('/var/www/html/w...')
#9 /var/www/html/index.php(17): require('/var/www/html/w...')
#10 {main}
  thrown in /var/www/html/wp-includes/class-wp-hook.php on line 308

2023-07-31T07:20:21+00:00 CRITICAL Uncaught TypeError: call_user_func_array(): Argument #1 ($callback) must be a valid callback, function "techup_footer_site_info" not found or invalid function name in /var/www/html/wp-includes/class-wp-hook.php:308
Stack trace:
#0 /var/www/html/wp-includes/class-wp-hook.php(332): WP_Hook->apply_filters(NULL, Array)
#1 /var/www/html/wp-includes/plugin.php(517): WP_Hook->do_action(Array)
#2 /var/www/html/wp-content/themes/techup/footer.php(32): do_action('techup_footer')
#3 /var/www/html/wp-includes/template.php(783): require_once('/var/www/html/w...')
#4 /var/www/html/wp-includes/template.php(718): load_template('/var/www/html/w...', true, Array)
#5 /var/www/html/wp-includes/general-template.php(92): locate_template(Array, true, true, Array)
#6 /var/www/html/wp-content/themes/techup/full-width.php(42): get_footer()
#7 /var/www/html/wp-includes/template-loader.php(106): include('/var/www/html/w...')
#8 /var/www/html/wp-blog-header.php(19): require_once('/var/www/html/w...')
#9 /var/www/html/index.php(17): require('/var/www/html/w...')
#10 {main}
  thrown in /var/www/html/wp-includes/class-wp-hook.php on line 308

2023-07-31T07:21:57+00:00 CRITICAL Uncaught TypeError: call_user_func_array(): Argument #1 ($callback) must be a valid callback, function "techup_footer_site_info" not found or invalid function name in /var/www/html/wp-includes/class-wp-hook.php:308
Stack trace:
#0 /var/www/html/wp-includes/class-wp-hook.php(332): WP_Hook->apply_filters(NULL, Array)
#1 /var/www/html/wp-includes/plugin.php(517): WP_Hook->do_action(Array)
#2 /var/www/html/wp-content/themes/techup/footer.php(32): do_action('techup_footer')
#3 /var/www/html/wp-includes/template.php(783): require_once('/var/www/html/w...')
#4 /var/www/html/wp-includes/template.php(718): load_template('/var/www/html/w...', true, Array)
#5 /var/www/html/wp-includes/general-template.php(92): locate_template(Array, true, true, Array)
#6 /var/www/html/wp-content/themes/techup/full-width.php(42): get_footer()
#7 /var/www/html/wp-includes/template-loader.php(106): include('/var/www/html/w...')
#8 /var/www/html/wp-blog-header.php(19): require_once('/var/www/html/w...')
#9 /var/www/html/index.php(17): require('/var/www/html/w...')
#10 {main}
  thrown in /var/www/html/wp-includes/class-wp-hook.php on line 308

2023-07-31T07:22:51+00:00 CRITICAL Uncaught TypeError: call_user_func_array(): Argument #1 ($callback) must be a valid callback, function "techup_footer_site_info" not found or invalid function name in /var/www/html/wp-includes/class-wp-hook.php:308
Stack trace:
#0 /var/www/html/wp-includes/class-wp-hook.php(332): WP_Hook->apply_filters(NULL, Array)
#1 /var/www/html/wp-includes/plugin.php(517): WP_Hook->do_action(Array)
#2 /var/www/html/wp-content/themes/techup/footer.php(32): do_action('techup_footer')
#3 /var/www/html/wp-includes/template.php(783): require_once('/var/www/html/w...')
#4 /var/www/html/wp-includes/template.php(718): load_template('/var/www/html/w...', true, Array)
#5 /var/www/html/wp-includes/general-template.php(92): locate_template(Array, true, true, Array)
#6 /var/www/html/wp-content/themes/techup/full-width.php(42): get_footer()
#7 /var/www/html/wp-includes/template-loader.php(106): include('/var/www/html/w...')
#8 /var/www/html/wp-blog-header.php(19): require_once('/var/www/html/w...')
#9 /var/www/html/index.php(17): require('/var/www/html/w...')
#10 {main}
  thrown in /var/www/html/wp-includes/class-wp-hook.php on line 308

2023-07-31T07:24:06+00:00 CRITICAL Uncaught TypeError: call_user_func_array(): Argument #1 ($callback) must be a valid callback, function "techup_footer_site_info" not found or invalid function name in /var/www/html/wp-includes/class-wp-hook.php:308
Stack trace:
#0 /var/www/html/wp-includes/class-wp-hook.php(332): WP_Hook->apply_filters(NULL, Array)
#1 /var/www/html/wp-includes/plugin.php(517): WP_Hook->do_action(Array)
#2 /var/www/html/wp-content/themes/techup/footer.php(32): do_action('techup_footer')
#3 /var/www/html/wp-includes/template.php(783): require_once('/var/www/html/w...')
#4 /var/www/html/wp-includes/template.php(718): load_template('/var/www/html/w...', true, Array)
#5 /var/www/html/wp-includes/general-template.php(92): locate_template(Array, true, true, Array)
#6 /var/www/html/wp-content/themes/techup/full-width.php(42): get_footer()
#7 /var/www/html/wp-includes/template-loader.php(106): include('/var/www/html/w...')
#8 /var/www/html/wp-blog-header.php(19): require_once('/var/www/html/w...')
#9 /var/www/html/index.php(17): require('/var/www/html/w...')
#10 {main}
  thrown in /var/www/html/wp-includes/class-wp-hook.php on line 308

2023-07-31T07:25:36+00:00 CRITICAL Uncaught TypeError: call_user_func_array(): Argument #1 ($callback) must be a valid callback, function "techup_footer_site_info" not found or invalid function name in /var/www/html/wp-includes/class-wp-hook.php:308
Stack trace:
#0 /var/www/html/wp-includes/class-wp-hook.php(332): WP_Hook->apply_filters(NULL, Array)
#1 /var/www/html/wp-includes/plugin.php(517): WP_Hook->do_action(Array)
#2 /var/www/html/wp-content/themes/techup/footer.php(32): do_action('techup_footer')
#3 /var/www/html/wp-includes/template.php(783): require_once('/var/www/html/w...')
#4 /var/www/html/wp-includes/template.php(718): load_template('/var/www/html/w...', true, Array)
#5 /var/www/html/wp-includes/general-template.php(92): locate_template(Array, true, true, Array)
#6 /var/www/html/wp-content/themes/techup/full-width.php(42): get_footer()
#7 /var/www/html/wp-includes/template-loader.php(106): include('/var/www/html/w...')
#8 /var/www/html/wp-blog-header.php(19): require_once('/var/www/html/w...')
#9 /var/www/html/index.php(17): require('/var/www/html/w...')
#10 {main}
  thrown in /var/www/html/wp-includes/class-wp-hook.php on line 308

2023-07-31T07:28:03+00:00 CRITICAL Uncaught TypeError: call_user_func_array(): Argument #1 ($callback) must be a valid callback, function "techup_footer_site_info" not found or invalid function name in /var/www/html/wp-includes/class-wp-hook.php:308
Stack trace:
#0 /var/www/html/wp-includes/class-wp-hook.php(332): WP_Hook->apply_filters(NULL, Array)
#1 /var/www/html/wp-includes/plugin.php(517): WP_Hook->do_action(Array)
#2 /var/www/html/wp-content/themes/techup/footer.php(32): do_action('techup_footer')
#3 /var/www/html/wp-includes/template.php(783): require_once('/var/www/html/w...')
#4 /var/www/html/wp-includes/template.php(718): load_template('/var/www/html/w...', true, Array)
#5 /var/www/html/wp-includes/general-template.php(92): locate_template(Array, true, true, Array)
#6 /var/www/html/wp-content/themes/techup/full-width.php(42): get_footer()
#7 /var/www/html/wp-includes/template-loader.php(106): include('/var/www/html/w...')
#8 /var/www/html/wp-blog-header.php(19): require_once('/var/www/html/w...')
#9 /var/www/html/index.php(17): require('/var/www/html/w...')
#10 {main}
  thrown in /var/www/html/wp-includes/class-wp-hook.php on line 308

2023-07-31T07:29:44+00:00 CRITICAL Uncaught TypeError: call_user_func_array(): Argument #1 ($callback) must be a valid callback, function "techup_footer_site_info" not found or invalid function name in /var/www/html/wp-includes/class-wp-hook.php:308
Stack trace:
#0 /var/www/html/wp-includes/class-wp-hook.php(332): WP_Hook->apply_filters(NULL, Array)
#1 /var/www/html/wp-includes/plugin.php(517): WP_Hook->do_action(Array)
#2 /var/www/html/wp-content/themes/techup/footer.php(32): do_action('techup_footer')
#3 /var/www/html/wp-includes/template.php(783): require_once('/var/www/html/w...')
#4 /var/www/html/wp-includes/template.php(718): load_template('/var/www/html/w...', true, Array)
#5 /var/www/html/wp-includes/general-template.php(92): locate_template(Array, true, true, Array)
#6 /var/www/html/wp-content/themes/techup/full-width.php(42): get_footer()
#7 /var/www/html/wp-includes/template-loader.php(106): include('/var/www/html/w...')
#8 /var/www/html/wp-blog-header.php(19): require_once('/var/www/html/w...')
#9 /var/www/html/index.php(17): require('/var/www/html/w...')
#10 {main}
  thrown in /var/www/html/wp-includes/class-wp-hook.php on line 308

2023-07-31T07:29:56+00:00 CRITICAL Uncaught TypeError: call_user_func_array(): Argument #1 ($callback) must be a valid callback, function "techup_footer_site_info" not found or invalid function name in /var/www/html/wp-includes/class-wp-hook.php:308
Stack trace:
#0 /var/www/html/wp-includes/class-wp-hook.php(332): WP_Hook->apply_filters(NULL, Array)
#1 /var/www/html/wp-includes/plugin.php(517): WP_Hook->do_action(Array)
#2 /var/www/html/wp-content/themes/techup/footer.php(32): do_action('techup_footer')
#3 /var/www/html/wp-includes/template.php(783): require_once('/var/www/html/w...')
#4 /var/www/html/wp-includes/template.php(718): load_template('/var/www/html/w...', true, Array)
#5 /var/www/html/wp-includes/general-template.php(92): locate_template(Array, true, true, Array)
#6 /var/www/html/wp-content/themes/techup/full-width.php(42): get_footer()
#7 /var/www/html/wp-includes/template-loader.php(106): include('/var/www/html/w...')
#8 /var/www/html/wp-blog-header.php(19): require_once('/var/www/html/w...')
#9 /var/www/html/index.php(17): require('/var/www/html/w...')
#10 {main}
  thrown in /var/www/html/wp-includes/class-wp-hook.php on line 308

2023-07-31T07:30:55+00:00 CRITICAL Uncaught TypeError: call_user_func_array(): Argument #1 ($callback) must be a valid callback, function "techup_footer_site_info" not found or invalid function name in /var/www/html/wp-includes/class-wp-hook.php:308
Stack trace:
#0 /var/www/html/wp-includes/class-wp-hook.php(332): WP_Hook->apply_filters(NULL, Array)
#1 /var/www/html/wp-includes/plugin.php(517): WP_Hook->do_action(Array)
#2 /var/www/html/wp-content/themes/techup/footer.php(32): do_action('techup_footer')
#3 /var/www/html/wp-includes/template.php(783): require_once('/var/www/html/w...')
#4 /var/www/html/wp-includes/template.php(718): load_template('/var/www/html/w...', true, Array)
#5 /var/www/html/wp-includes/general-template.php(92): locate_template(Array, true, true, Array)
#6 /var/www/html/wp-content/themes/techup/full-width.php(42): get_footer()
#7 /var/www/html/wp-includes/template-loader.php(106): include('/var/www/html/w...')
#8 /var/www/html/wp-blog-header.php(19): require_once('/var/www/html/w...')
#9 /var/www/html/index.php(17): require('/var/www/html/w...')
#10 {main}
  thrown in /var/www/html/wp-includes/class-wp-hook.php on line 308

2023-07-31T07:32:19+00:00 CRITICAL Uncaught TypeError: call_user_func_array(): Argument #1 ($callback) must be a valid callback, function "techup_footer_site_info" not found or invalid function name in /var/www/html/wp-includes/class-wp-hook.php:308
Stack trace:
#0 /var/www/html/wp-includes/class-wp-hook.php(332): WP_Hook->apply_filters(NULL, Array)
#1 /var/www/html/wp-includes/plugin.php(517): WP_Hook->do_action(Array)
#2 /var/www/html/wp-content/themes/techup/footer.php(32): do_action('techup_footer')
#3 /var/www/html/wp-includes/template.php(783): require_once('/var/www/html/w...')
#4 /var/www/html/wp-includes/template.php(718): load_template('/var/www/html/w...', true, Array)
#5 /var/www/html/wp-includes/general-template.php(92): locate_template(Array, true, true, Array)
#6 /var/www/html/wp-content/themes/techup/full-width.php(42): get_footer()
#7 /var/www/html/wp-includes/template-loader.php(106): include('/var/www/html/w...')
#8 /var/www/html/wp-blog-header.php(19): require_once('/var/www/html/w...')
#9 /var/www/html/index.php(17): require('/var/www/html/w...')
#10 {main}
  thrown in /var/www/html/wp-includes/class-wp-hook.php on line 308

2023-07-31T07:34:10+00:00 CRITICAL Uncaught TypeError: call_user_func_array(): Argument #1 ($callback) must be a valid callback, function "techup_footer_site_info" not found or invalid function name in /var/www/html/wp-includes/class-wp-hook.php:308
Stack trace:
#0 /var/www/html/wp-includes/class-wp-hook.php(332): WP_Hook->apply_filters(NULL, Array)
#1 /var/www/html/wp-includes/plugin.php(517): WP_Hook->do_action(Array)
#2 /var/www/html/wp-content/themes/techup/footer.php(32): do_action('techup_footer')
#3 /var/www/html/wp-includes/template.php(783): require_once('/var/www/html/w...')
#4 /var/www/html/wp-includes/template.php(718): load_template('/var/www/html/w...', true, Array)
#5 /var/www/html/wp-includes/general-template.php(92): locate_template(Array, true, true, Array)
#6 /var/www/html/wp-content/themes/techup/full-width.php(42): get_footer()
#7 /var/www/html/wp-includes/template-loader.php(106): include('/var/www/html/w...')
#8 /var/www/html/wp-blog-header.php(19): require_once('/var/www/html/w...')
#9 /var/www/html/index.php(17): require('/var/www/html/w...')
#10 {main}
  thrown in /var/www/html/wp-includes/class-wp-hook.php on line 308

2023-07-31T07:35:16+00:00 CRITICAL Uncaught TypeError: call_user_func_array(): Argument #1 ($callback) must be a valid callback, function "techup_footer_site_info" not found or invalid function name in /var/www/html/wp-includes/class-wp-hook.php:308
Stack trace:
#0 /var/www/html/wp-includes/class-wp-hook.php(332): WP_Hook->apply_filters(NULL, Array)
#1 /var/www/html/wp-includes/plugin.php(517): WP_Hook->do_action(Array)
#2 /var/www/html/wp-content/themes/techup/footer.php(32): do_action('techup_footer')
#3 /var/www/html/wp-includes/template.php(783): require_once('/var/www/html/w...')
#4 /var/www/html/wp-includes/template.php(718): load_template('/var/www/html/w...', true, Array)
#5 /var/www/html/wp-includes/general-template.php(92): locate_template(Array, true, true, Array)
#6 /var/www/html/wp-content/themes/techup/full-width.php(42): get_footer()
#7 /var/www/html/wp-includes/template-loader.php(106): include('/var/www/html/w...')
#8 /var/www/html/wp-blog-header.php(19): require_once('/var/www/html/w...')
#9 /var/www/html/index.php(17): require('/var/www/html/w...')
#10 {main}
  thrown in /var/www/html/wp-includes/class-wp-hook.php on line 308

2023-07-31T07:35:28+00:00 CRITICAL Uncaught TypeError: call_user_func_array(): Argument #1 ($callback) must be a valid callback, function "techup_footer_site_info" not found or invalid function name in /var/www/html/wp-includes/class-wp-hook.php:308
Stack trace:
#0 /var/www/html/wp-includes/class-wp-hook.php(332): WP_Hook->apply_filters(NULL, Array)
#1 /var/www/html/wp-includes/plugin.php(517): WP_Hook->do_action(Array)
#2 /var/www/html/wp-content/themes/techup/footer.php(32): do_action('techup_footer')
#3 /var/www/html/wp-includes/template.php(783): require_once('/var/www/html/w...')
#4 /var/www/html/wp-includes/template.php(718): load_template('/var/www/html/w...', true, Array)
#5 /var/www/html/wp-includes/general-template.php(92): locate_template(Array, true, true, Array)
#6 /var/www/html/wp-content/themes/techup/full-width.php(42): get_footer()
#7 /var/www/html/wp-includes/template-loader.php(106): include('/var/www/html/w...')
#8 /var/www/html/wp-blog-header.php(19): require_once('/var/www/html/w...')
#9 /var/www/html/index.php(17): require('/var/www/html/w...')
#10 {main}
  thrown in /var/www/html/wp-includes/class-wp-hook.php on line 308

2023-07-31T07:35:54+00:00 CRITICAL Uncaught TypeError: call_user_func_array(): Argument #1 ($callback) must be a valid callback, function "techup_footer_site_info" not found or invalid function name in /var/www/html/wp-includes/class-wp-hook.php:308
Stack trace:
#0 /var/www/html/wp-includes/class-wp-hook.php(332): WP_Hook->apply_filters(NULL, Array)
#1 /var/www/html/wp-includes/plugin.php(517): WP_Hook->do_action(Array)
#2 /var/www/html/wp-content/themes/techup/footer.php(32): do_action('techup_footer')
#3 /var/www/html/wp-includes/template.php(783): require_once('/var/www/html/w...')
#4 /var/www/html/wp-includes/template.php(718): load_template('/var/www/html/w...', true, Array)
#5 /var/www/html/wp-includes/general-template.php(92): locate_template(Array, true, true, Array)
#6 /var/www/html/wp-content/themes/techup/full-width.php(42): get_footer()
#7 /var/www/html/wp-includes/template-loader.php(106): include('/var/www/html/w...')
#8 /var/www/html/wp-blog-header.php(19): require_once('/var/www/html/w...')
#9 /var/www/html/index.php(17): require('/var/www/html/w...')
#10 {main}
  thrown in /var/www/html/wp-includes/class-wp-hook.php on line 308

2023-07-31T07:37:15+00:00 CRITICAL Uncaught TypeError: call_user_func_array(): Argument #1 ($callback) must be a valid callback, function "techup_footer_site_info" not found or invalid function name in /var/www/html/wp-includes/class-wp-hook.php:308
Stack trace:
#0 /var/www/html/wp-includes/class-wp-hook.php(332): WP_Hook->apply_filters(NULL, Array)
#1 /var/www/html/wp-includes/plugin.php(517): WP_Hook->do_action(Array)
#2 /var/www/html/wp-content/themes/techup/footer.php(32): do_action('techup_footer')
#3 /var/www/html/wp-includes/template.php(783): require_once('/var/www/html/w...')
#4 /var/www/html/wp-includes/template.php(718): load_template('/var/www/html/w...', true, Array)
#5 /var/www/html/wp-includes/general-template.php(92): locate_template(Array, true, true, Array)
#6 /var/www/html/wp-content/themes/techup/full-width.php(42): get_footer()
#7 /var/www/html/wp-includes/template-loader.php(106): include('/var/www/html/w...')
#8 /var/www/html/wp-blog-header.php(19): require_once('/var/www/html/w...')
#9 /var/www/html/index.php(17): require('/var/www/html/w...')
#10 {main}
  thrown in /var/www/html/wp-includes/class-wp-hook.php on line 308

2023-07-31T07:37:44+00:00 CRITICAL Uncaught TypeError: call_user_func_array(): Argument #1 ($callback) must be a valid callback, function "techup_footer_site_info" not found or invalid function name in /var/www/html/wp-includes/class-wp-hook.php:308
Stack trace:
#0 /var/www/html/wp-includes/class-wp-hook.php(332): WP_Hook->apply_filters(NULL, Array)
#1 /var/www/html/wp-includes/plugin.php(517): WP_Hook->do_action(Array)
#2 /var/www/html/wp-content/themes/techup/footer.php(32): do_action('techup_footer')
#3 /var/www/html/wp-includes/template.php(783): require_once('/var/www/html/w...')
#4 /var/www/html/wp-includes/template.php(718): load_template('/var/www/html/w...', true, Array)
#5 /var/www/html/wp-includes/general-template.php(92): locate_template(Array, true, true, Array)
#6 /var/www/html/wp-content/themes/techup/full-width.php(42): get_footer()
#7 /var/www/html/wp-includes/template-loader.php(106): include('/var/www/html/w...')
#8 /var/www/html/wp-blog-header.php(19): require_once('/var/www/html/w...')
#9 /var/www/html/index.php(17): require('/var/www/html/w...')
#10 {main}
  thrown in /var/www/html/wp-includes/class-wp-hook.php on line 308

2023-07-31T07:40:40+00:00 CRITICAL Uncaught TypeError: call_user_func_array(): Argument #1 ($callback) must be a valid callback, function "techup_footer_site_info" not found or invalid function name in /var/www/html/wp-includes/class-wp-hook.php:308
Stack trace:
#0 /var/www/html/wp-includes/class-wp-hook.php(332): WP_Hook->apply_filters(NULL, Array)
#1 /var/www/html/wp-includes/plugin.php(517): WP_Hook->do_action(Array)
#2 /var/www/html/wp-content/themes/techup/footer.php(32): do_action('techup_footer')
#3 /var/www/html/wp-includes/template.php(783): require_once('/var/www/html/w...')
#4 /var/www/html/wp-includes/template.php(718): load_template('/var/www/html/w...', true, Array)
#5 /var/www/html/wp-includes/general-template.php(92): locate_template(Array, true, true, Array)
#6 /var/www/html/wp-content/themes/techup/full-width.php(42): get_footer()
#7 /var/www/html/wp-includes/template-loader.php(106): include('/var/www/html/w...')
#8 /var/www/html/wp-blog-header.php(19): require_once('/var/www/html/w...')
#9 /var/www/html/index.php(17): require('/var/www/html/w...')
#10 {main}
  thrown in /var/www/html/wp-includes/class-wp-hook.php on line 308

2023-07-31T07:42:42+00:00 CRITICAL Uncaught TypeError: call_user_func_array(): Argument #1 ($callback) must be a valid callback, function "techup_footer_site_info" not found or invalid function name in /var/www/html/wp-includes/class-wp-hook.php:308
Stack trace:
#0 /var/www/html/wp-includes/class-wp-hook.php(332): WP_Hook->apply_filters(NULL, Array)
#1 /var/www/html/wp-includes/plugin.php(517): WP_Hook->do_action(Array)
#2 /var/www/html/wp-content/themes/techup/footer.php(32): do_action('techup_footer')
#3 /var/www/html/wp-includes/template.php(783): require_once('/var/www/html/w...')
#4 /var/www/html/wp-includes/template.php(718): load_template('/var/www/html/w...', true, Array)
#5 /var/www/html/wp-includes/general-template.php(92): locate_template(Array, true, true, Array)
#6 /var/www/html/wp-content/themes/techup/full-width.php(42): get_footer()
#7 /var/www/html/wp-includes/template-loader.php(106): include('/var/www/html/w...')
#8 /var/www/html/wp-blog-header.php(19): require_once('/var/www/html/w...')
#9 /var/www/html/index.php(17): require('/var/www/html/w...')
#10 {main}
  thrown in /var/www/html/wp-includes/class-wp-hook.php on line 308

2023-07-31T07:46:58+00:00 CRITICAL Uncaught TypeError: call_user_func_array(): Argument #1 ($callback) must be a valid callback, function "techup_footer_site_info" not found or invalid function name in /var/www/html/wp-includes/class-wp-hook.php:308
Stack trace:
#0 /var/www/html/wp-includes/class-wp-hook.php(332): WP_Hook->apply_filters(NULL, Array)
#1 /var/www/html/wp-includes/plugin.php(517): WP_Hook->do_action(Array)
#2 /var/www/html/wp-content/themes/techup/footer.php(32): do_action('techup_footer')
#3 /var/www/html/wp-includes/template.php(783): require_once('/var/www/html/w...')
#4 /var/www/html/wp-includes/template.php(718): load_template('/var/www/html/w...', true, Array)
#5 /var/www/html/wp-includes/general-template.php(92): locate_template(Array, true, true, Array)
#6 /var/www/html/wp-content/themes/techup/full-width.php(42): get_footer()
#7 /var/www/html/wp-includes/template-loader.php(106): include('/var/www/html/w...')
#8 /var/www/html/wp-blog-header.php(19): require_once('/var/www/html/w...')
#9 /var/www/html/index.php(17): require('/var/www/html/w...')
#10 {main}
  thrown in /var/www/html/wp-includes/class-wp-hook.php on line 308

2023-07-31T23:44:54+00:00 CRITICAL Uncaught TypeError: call_user_func_array(): Argument #1 ($callback) must be a valid callback, function "techup_footer_site_info" not found or invalid function name in /var/www/html/wp-includes/class-wp-hook.php:308
Stack trace:
#0 /var/www/html/wp-includes/class-wp-hook.php(332): WP_Hook->apply_filters(NULL, Array)
#1 /var/www/html/wp-includes/plugin.php(517): WP_Hook->do_action(Array)
#2 /var/www/html/wp-content/themes/techup/footer.php(32): do_action('techup_footer')
#3 /var/www/html/wp-includes/template.php(783): require_once('/var/www/html/w...')
#4 /var/www/html/wp-includes/template.php(718): load_template('/var/www/html/w...', true, Array)
#5 /var/www/html/wp-includes/general-template.php(92): locate_template(Array, true, true, Array)
#6 /var/www/html/wp-content/themes/techup/full-width.php(42): get_footer()
#7 /var/www/html/wp-includes/template-loader.php(106): include('/var/www/html/w...')
#8 /var/www/html/wp-blog-header.php(19): require_once('/var/www/html/w...')
#9 /var/www/html/index.php(17): require('/var/www/html/w...')
#10 {main}
  thrown in /var/www/html/wp-includes/class-wp-hook.php on line 308

2023-07-31T23:48:07+00:00 CRITICAL Uncaught TypeError: call_user_func_array(): Argument #1 ($callback) must be a valid callback, function "techup_footer_site_info" not found or invalid function name in /var/www/html/wp-includes/class-wp-hook.php:308
Stack trace:
#0 /var/www/html/wp-includes/class-wp-hook.php(332): WP_Hook->apply_filters(NULL, Array)
#1 /var/www/html/wp-includes/plugin.php(517): WP_Hook->do_action(Array)
#2 /var/www/html/wp-content/themes/techup/footer.php(32): do_action('techup_footer')
#3 /var/www/html/wp-includes/template.php(783): require_once('/var/www/html/w...')
#4 /var/www/html/wp-includes/template.php(718): load_template('/var/www/html/w...', true, Array)
#5 /var/www/html/wp-includes/general-template.php(92): locate_template(Array, true, true, Array)
#6 /var/www/html/wp-content/themes/techup/full-width.php(42): get_footer()
#7 /var/www/html/wp-includes/template-loader.php(106): include('/var/www/html/w...')
#8 /var/www/html/wp-blog-header.php(19): require_once('/var/www/html/w...')
#9 /var/www/html/index.php(17): require('/var/www/html/w...')
#10 {main}
  thrown in /var/www/html/wp-includes/class-wp-hook.php on line 308

2023-07-31T23:49:48+00:00 CRITICAL Uncaught TypeError: call_user_func_array(): Argument #1 ($callback) must be a valid callback, function "techup_footer_site_info" not found or invalid function name in /var/www/html/wp-includes/class-wp-hook.php:308
Stack trace:
#0 /var/www/html/wp-includes/class-wp-hook.php(332): WP_Hook->apply_filters(NULL, Array)
#1 /var/www/html/wp-includes/plugin.php(517): WP_Hook->do_action(Array)
#2 /var/www/html/wp-content/themes/techup/footer.php(32): do_action('techup_footer')
#3 /var/www/html/wp-includes/template.php(783): require_once('/var/www/html/w...')
#4 /var/www/html/wp-includes/template.php(718): load_template('/var/www/html/w...', true, Array)
#5 /var/www/html/wp-includes/general-template.php(92): locate_template(Array, true, true, Array)
#6 /var/www/html/wp-content/themes/techup/full-width.php(42): get_footer()
#7 /var/www/html/wp-includes/template-loader.php(106): include('/var/www/html/w...')
#8 /var/www/html/wp-blog-header.php(19): require_once('/var/www/html/w...')
#9 /var/www/html/index.php(17): require('/var/www/html/w...')
#10 {main}
  thrown in /var/www/html/wp-includes/class-wp-hook.php on line 308

2023-07-31T23:54:06+00:00 CRITICAL Uncaught TypeError: call_user_func_array(): Argument #1 ($callback) must be a valid callback, function "techup_footer_site_info" not found or invalid function name in /var/www/html/wp-includes/class-wp-hook.php:308
Stack trace:
#0 /var/www/html/wp-includes/class-wp-hook.php(332): WP_Hook->apply_filters(NULL, Array)
#1 /var/www/html/wp-includes/plugin.php(517): WP_Hook->do_action(Array)
#2 /var/www/html/wp-content/themes/techup/footer.php(32): do_action('techup_footer')
#3 /var/www/html/wp-includes/template.php(783): require_once('/var/www/html/w...')
#4 /var/www/html/wp-includes/template.php(718): load_template('/var/www/html/w...', true, Array)
#5 /var/www/html/wp-includes/general-template.php(92): locate_template(Array, true, true, Array)
#6 /var/www/html/wp-content/themes/techup/full-width.php(42): get_footer()
#7 /var/www/html/wp-includes/template-loader.php(106): include('/var/www/html/w...')
#8 /var/www/html/wp-blog-header.php(19): require_once('/var/www/html/w...')
#9 /var/www/html/index.php(17): require('/var/www/html/w...')
#10 {main}
  thrown in /var/www/html/wp-includes/class-wp-hook.php on line 308

